DS = 1333.3814493631817 N = 30 M = 5 DW = 8 CW = 8 BW = 10000000000 PD = 0.0000005 PT = 0.000001
BL = 1000000 L = 0.05 lambda = 2500.0 mu = 1250.0 BS = 100000915.000000 BR = 100000869.000000 BL = 0.000000
DS            (s)= 1333.3814493631817
RDS           (s)= 11687.153939
BD            (s)= 0.00080505609412254207
BQD           (s)= 0.0
BWT           (s)= 4.0511999950720431e-06
BURSTDURATION (s)= 0.00079995403417058733
BURSTSIZE   (byte)= 999942.11764576763
BDP            (%)= 0.0
NT             (%)= 0.049995736159888469
TP      (Bytes)= 99995080714277.000000
BR             = 100000869.0
BR(0)          = 99720202.000000
NT(0)          = 0.24927787592430861
BD(0)       (s)= 0.00080505865078371976
BQD(0)      (s)= 0.0
BWT(0)      (s)= 4.051199996566393e-06
BR(1)          = 280667.000000
NT(1)          = 0.00070080487513378257
BD(1)       (s)= 0.00080414771953952557
BQD(1)      (s)= 0.0
BWT(1)      (s)= 4.0511994641336534e-06
BR(2)          = 0.000000
NT(2)          = 0.0
BD(2)       (s)= 0
BQD(2)      (s)= 0
BWT(2)      (s)= 0
BR(3)          = 0.000000
NT(3)          = 0.0
BD(3)       (s)= 0
BQD(3)      (s)= 0
BWT(3)      (s)= 0
BR(4)          = 0.000000
NT(4)          = 0.0
BD(4)       (s)= 0
BQD(4)      (s)= 0
BWT(4)      (s)= 0
CPS             = 300002745.000000
CDP            (%)= 0.0
DS = 666.69409657921551 N = 30 M = 5 DW = 8 CW = 8 BW = 10000000000 PD = 0.0000005 PT = 0.000001
BL = 1000000 L = 0.10 lambda = 5000.0 mu = 1250.0 BS = 100000891.000000 BR = 100000755.000000 BL = 0.000000
DS            (s)= 666.69409657921551
RDS           (s)= 18024.591785000001
BD            (s)= 0.00080518152902945585
BQD           (s)= 0.0
BWT           (s)= 4.0511999934400494e-06
BURSTDURATION (s)= 0.00080008029874453822
BURSTSIZE   (byte)= 1000098.9112663399
BDP            (%)= 0.0
NT             (%)= 0.1000065314456942
TP      (Bytes)= 100010646201312.000000
BR             = 100000755.0
BR(0)          = 91326372.000000
NT(0)          = 0.45666370894306429
BD(0)       (s)= 0.00080519111623091738
BQD(0)      (s)= 0.0
BWT(0)      (s)= 4.0511999973019843e-06
BR(1)          = 8673124.000000
NT(1)          = 0.043362533532090984
BD(1)       (s)= 0.00080507837510451828
BQD(1)      (s)= 0.0
BWT(1)      (s)= 4.0512000059032939e-06
BR(2)          = 1259.000000
NT(2)          = 6.4147533158162883e-06
BD(2)       (s)= 0.00082035504368546458
BQD(2)      (s)= 0.0
BWT(2)      (s)= 4.050833995234313e-06
BR(3)          = 0.000000
NT(3)          = 0.0
BD(3)       (s)= 0
BQD(3)      (s)= 0
BWT(3)      (s)= 0
BR(4)          = 0.000000
NT(4)          = 0.0
BD(4)       (s)= 0
BQD(4)      (s)= 0
BWT(4)      (s)= 0
CPS             = 300002671.000000
CDP            (%)= 0.0
DS = 444.43228941916988 N = 30 M = 5 DW = 8 CW = 8 BW = 10000000000 PD = 0.0000005 PT = 0.000001
BL = 1000000 L = 0.15 lambda = 7500.0 mu = 1250.0 BS = 100000915.000000 BR = 100000754.000000 BL = 0.000000
DS            (s)= 444.43228941916988
RDS           (s)= 19136.926645
BD            (s)= 0.00080504578523477933
BQD           (s)= 0.0
BWT           (s)= 4.0511999939520461e-06
BURSTDURATION (s)= 0.00079994450900774255
BURSTSIZE   (byte)= 999929.23154915415
BDP            (%)= 0.0
NT             (%)= 0.14999461782616816
TP      (Bytes)= 99993677101556.000000
BR             = 100000754.0
BR(0)          = 76704932.000000
NT(0)          = 0.57523042558643633
BD(0)       (s)= 0.00080500186403919898
BQD(0)      (s)= 0.0
BWT(0)      (s)= 4.0511999932416345e-06
BR(1)          = 23159290.000000
NT(1)          = 0.17371876691850577
BD(1)       (s)= 0.00080519148004969067
BQD(1)      (s)= 0.0
BWT(1)      (s)= 4.0512000151990849e-06
BR(2)          = 136517.000000
NT(2)          = 0.0010237898361180012
BD(2)       (s)= 0.00080501202780606086
BQD(2)      (s)= 0.0
BWT(2)      (s)= 4.0512024143513263e-06
BR(3)          = 15.000000
NT(3)          = 1.0678978057308435e-07
BD(3)       (s)= 0.00076446666666666664
BQD(3)      (s)= 0.0
BWT(3)      (s)= 4.066666666666667e-06
BR(4)          = 0.000000
NT(4)          = 0.0
BD(4)       (s)= 0
BQD(4)      (s)= 0
BWT(4)      (s)= 0
CPS             = 300002743.000000
CDP            (%)= 0.0
DS = 333.34677988543626 N = 30 M = 5 DW = 8 CW = 8 BW = 10000000000 PD = 0.0000005 PT = 0.000001
BL = 1000000 L = 0.20 lambda = 10000.0 mu = 1250.0 BS = 100000898.000000 BR = 100000644.000000 BL = 0.000000
DS            (s)= 333.34677988543626
RDS           (s)= 11817.388360000001
BD            (s)= 0.00080505055667441509
BQD           (s)= 0.0
BWT           (s)= 4.0511999902720632e-06
BURSTDURATION (s)= 0.00079995023446689448
BURSTSIZE   (byte)= 999935.19585265871
BDP            (%)= 0.0
NT             (%)= 0.19998025995210897
TP      (Bytes)= 99994163543532.000000
BR             = 100000644.0
BR(0)          = 64382926.000000
NT(0)          = 0.643725318709366
BD(0)       (s)= 0.00080500551265719113
BQD(0)      (s)= 0.0
BWT(0)      (s)= 4.0512000029324546e-06
BR(1)          = 33675315.000000
NT(1)          = 0.33675388164912362
BD(1)       (s)= 0.00080513640991925395
BQD(1)      (s)= 0.0
BWT(1)      (s)= 4.0511999961989958e-06
BR(2)          = 1941403.000000
NT(2)          = 0.019411639865749425
BD(2)       (s)= 0.000805036176929777
BQD(2)      (s)= 0.0
BWT(2)      (s)= 4.05120008571121e-06
BR(3)          = 1000.000000
NT(3)          = 1.0459536305900271e-05
BD(3)       (s)= 0.0008418989999999999
BQD(3)      (s)= 0.0
BWT(3)      (s)= 4.0509999999999998e-06
BR(4)          = 0.000000
NT(4)          = 0.0
BD(4)       (s)= 0
BQD(4)      (s)= 0
BWT(4)      (s)= 0
CPS             = 300002694.000000
CDP            (%)= 0.0
DS = 266.72656554422656 N = 30 M = 5 DW = 8 CW = 8 BW = 10000000000 PD = 0.0000005 PT = 0.000001
BL = 1000000 L = 0.25 lambda = 12500.0 mu = 1250.0 BS = 100000915.000000 BR = 100000629.000000 BL = 0.000000
DS            (s)= 266.72656554422656
RDS           (s)= 11442.349421000001
BD            (s)= 0.00080516549754902037
BQD           (s)= 0.0
BWT           (s)= 4.0511999979520127e-06
BURSTDURATION (s)= 0.00080006521931324332
BURSTSIZE   (byte)= 1000078.8719445155
BDP            (%)= 0.0
NT             (%)= 0.24996514324199512
TP      (Bytes)= 100008516244062.000000
BR             = 100000629.0
BR(0)          = 55049802.000000
NT(0)          = 0.68805479465256469
BD(0)       (s)= 0.00080520333673498039
BQD(0)      (s)= 0.0
BWT(0)      (s)= 4.0512000024995547e-06
BR(1)          = 37700009.000000
NT(1)          = 0.4711526632500449
BD(1)       (s)= 0.00080511662840717095
BQD(1)      (s)= 0.0
BWT(1)      (s)= 4.0511999877771912e-06
BR(2)          = 7217353.000000
NT(2)          = 0.090202031285271461
BD(2)       (s)= 0.00080515010752557072
BQD(2)      (s)= 0.0
BWT(2)      (s)= 4.0511999343803748e-06
BR(3)          = 33459.000000
NT(3)          = 0.00041621231009924419
BD(3)       (s)= 0.00080140745389880143
BQD(3)      (s)= 0.0
BWT(3)      (s)= 4.0511969873576618e-06
BR(4)          = 6.000000
NT(4)          = 1.4711995379962777e-08
BD(4)       (s)= 0.00016200000000000001
BQD(4)      (s)= 0.0
BWT(4)      (s)= 3.9999999999999998e-06
CPS             = 300002745.000000
CDP            (%)= 0.0
DS = 222.19840449909543 N = 30 M = 5 DW = 8 CW = 8 BW = 10000000000 PD = 0.0000005 PT = 0.000001
BL = 1000000 L = 0.30 lambda = 15000.0 mu = 1250.0 BS = 100000910.000000 BR = 100000534.000000 BL = 0.000000
DS            (s)= 222.19840449909543
RDS           (s)= 13670.012878
BD            (s)= 0.0008050563998488248
BQD           (s)= 0.0
BWT           (s)= 4.0511999965920183e-06
BURSTDURATION (s)= 0.00079995728607869666
BURSTSIZE   (byte)= 999942.49982205092
BDP            (%)= 0.0
NT             (%)= 0.30001650754999631
TP      (Bytes)= 99994783951500.000000
BR             = 100000534.0
BR(0)          = 47956161.000000
NT(0)          = 0.71941992999085991
BD(0)       (s)= 0.0008051028534581823
BQD(0)      (s)= 0.0
BWT(0)      (s)= 4.0511999907582262e-06
BR(1)          = 37598666.000000
NT(1)          = 0.56393235497624883
BD(1)       (s)= 0.00080494909361943849
BQD(1)      (s)= 0.0
BWT(1)      (s)= 4.0512000080002841e-06
BR(2)          = 14040306.000000
NT(2)          = 0.2106512214093503
BD(2)       (s)= 0.00080519377070556724
BQD(2)      (s)= 0.0
BWT(2)      (s)= 4.0512000237031873e-06
BR(3)          = 405054.000000
NT(3)          = 0.0060738265789189953
BD(3)       (s)= 0.00080475552889244394
BQD(3)      (s)= 0.0
BWT(3)      (s)= 4.0512005806633185e-06
BR(4)          = 347.000000
NT(4)          = 5.204794603605602e-06
BD(4)       (s)= 0.00080498559077809802
BQD(4)      (s)= 0.0
BWT(4)      (s)= 4.0518731988472622e-06
CPS             = 300002730.000000
CDP            (%)= 0.0
DS = 190.51256299983842 N = 30 M = 5 DW = 8 CW = 8 BW = 10000000000 PD = 0.0000005 PT = 0.000001
BL = 1000000 L = 0.35 lambda = 17500.0 mu = 1250.0 BS = 100000888.000000 BR = 100000448.000000 BL = 0.000000
DS            (s)= 190.51256299983842
RDS           (s)= 16208.997028
BD            (s)= 0.00080513988715330553
BQD           (s)= 4.2199810944846971e-12
BWT           (s)= 4.0512042106051365e-06
BURSTDURATION (s)= 0.00080004069157865883
BURSTSIZE   (byte)= 1000046.8536755355
BDP            (%)= 0.0
NT             (%)= 0.34995114167747848
TP      (Bytes)= 100005133388544.000000
BR             = 100000448.0
BR(0)          = 42459705.000000
NT(0)          = 0.74296270672583775
BD(0)       (s)= 0.00080516672350879504
BQD(0)      (s)= 1.9783462932679347e-12
BWT(0)      (s)= 4.0512019807956742e-06
BR(1)          = 35829712.000000
NT(1)          = 0.62683040080454577
BD(1)       (s)= 0.00080501326477310235
BQD(1)      (s)= 4.744665544618388e-13
BWT(1)      (s)= 4.0512004673663023e-06
BR(2)          = 19659965.000000
NT(2)          = 0.3440723282105842
BD(2)       (s)= 0.00080530852689717403
BQD(2)      (s)= 9.2573918620913116e-12
BWT(2)      (s)= 4.0512092976767755e-06
BR(3)          = 2043513.000000
NT(3)          = 0.035756603882088574
BD(3)       (s)= 0.00080514616545135755
BQD(3)      (s)= 4.6977924779534065e-11
BWT(3)      (s)= 4.0512465543404907e-06
BR(4)          = 7553.000000
NT(4)          = 0.00013366876433596803
BD(4)       (s)= 0.0008142884946378922
BQD(4)      (s)= 5.6931020786442475e-09
BWT(4)      (s)= 4.0569310207864425e-06
CPS             = 300002662.000000
CDP            (%)= 0.0
DS = 166.66950497952161 N = 30 M = 5 DW = 8 CW = 8 BW = 10000000000 PD = 0.0000005 PT = 0.000001
BL = 1000000 L = 0.40 lambda = 20000.0 mu = 1250.0 BS = 100000899.000000 BR = 100000425.000000 BL = 0.000000
DS            (s)= 166.66950497952161
RDS           (s)= 27127.715468999999
BD            (s)= 0.00080508362940457507
BQD           (s)= 9.1839609681658854e-11
BWT           (s)= 4.0512918420096709e-06
BURSTDURATION (s)= 0.00079998479638668045
BURSTSIZE   (byte)= 999976.4219646767
BDP            (%)= 0.0
NT             (%)= 0.39998545704260097
TP      (Bytes)= 99998067186447.000000
BR             = 100000425.0
BR(0)          = 38081730.000000
NT(0)          = 0.76151777423149281
BD(0)       (s)= 0.00080499335610540801
BQD(0)      (s)= 4.4850903569769551e-11
BWT(0)      (s)= 4.0512448620375174e-06
BR(1)          = 33574181.000000
NT(1)          = 0.67140640942018348
BD(1)       (s)= 0.00080502408264255198
BQD(1)      (s)= 4.8340717529341972e-11
BWT(1)      (s)= 4.0512483387159911e-06
BR(2)          = 22887801.000000
NT(2)          = 0.45782527285697638
BD(2)       (s)= 0.00080523713584367495
BQD(2)      (s)= 7.9736799529146554e-11
BWT(2)      (s)= 4.0512797188336269e-06
BR(3)          = 5376368.000000
NT(3)          = 0.10756969353457624
BD(3)       (s)= 0.00080543142508102117
BQD(3)      (s)= 4.357960615791181e-10
BWT(3)      (s)= 4.0516357883240131e-06
BR(4)          = 80345.000000
NT(4)          = 0.0016081351697756509
BD(4)       (s)= 0.00080575193229199084
BQD(4)      (s)= 2.0972057999875539e-08
BWT(4)      (s)= 4.0721637936399283e-06
CPS             = 300002697.000000
CDP            (%)= 0.0
DS = 148.14139788477493 N = 30 M = 5 DW = 8 CW = 8 BW = 10000000000 PD = 0.0000005 PT = 0.000001
BL = 1000000 L = 0.45 lambda = 22500.0 mu = 1250.0 BS = 100000905.000000 BR = 100000399.000000 BL = 0.000000
DS            (s)= 148.14139788477493
RDS           (s)= 11009.322646000001
BD            (s)= 0.00080510962739258681
BQD           (s)= 1.26632494736346e-09
BWT           (s)= 4.0524663206593808e-06
BURSTDURATION (s)= 0.00080000954371362942
BURSTSIZE   (byte)= 1000007.4513399892
BDP            (%)= 0.0
NT             (%)= 0.45002565371026293
TP      (Bytes)= 100001144136972.000000
BR             = 100000399.0
BR(0)          = 34511737.000000
NT(0)          = 0.77661861943075905
BD(0)       (s)= 0.0008051741512749706
BQD(0)      (s)= 5.0892831038901347e-10
BWT(0)      (s)= 4.0517089302111912e-06
BR(1)          = 31306343.000000
NT(1)          = 0.704357137262556
BD(1)       (s)= 0.00080502625458361583
BQD(1)      (s)= 7.1372117784565253e-10
BWT(1)      (s)= 4.051913728792916e-06
BR(2)          = 24148185.000000
NT(2)          = 0.54338185488154056
BD(2)       (s)= 0.00080513697994279913
BQD(2)      (s)= 8.1277329952540946e-10
BWT(2)      (s)= 4.0520127703179345e-06
BR(3)          = 9542456.000000
NT(3)          = 0.21472802407574632
BD(3)       (s)= 0.00080515404315199357
BQD(3)      (s)= 3.2786108733432987e-09
BWT(3)      (s)= 4.0544785325706507e-06
BR(4)          = 491678.000000
NT(4)          = 0.011042632900712791
BD(4)       (s)= 0.00080368372796830448
BQD(4)      (s)= 7.2836287163550124e-08
BWT(4)      (s)= 4.1240364628883133e-06
CPS             = 300002713.000000
CDP            (%)= 0.0
DS = 133.32766934468444 N = 30 M = 5 DW = 8 CW = 8 BW = 10000000000 PD = 0.0000005 PT = 0.000001
BL = 1000000 L = 0.50 lambda = 25000.0 mu = 1250.0 BS = 100000894.000000 BR = 100000266.000000 BL = 0.000000
DS            (s)= 133.32766934468444
RDS           (s)= 11779.75627
BD            (s)= 0.00080520618128155784
BQD           (s)= 1.2722356158532618e-08
BWT           (s)= 4.0639223499665491e-06
BURSTDURATION (s)= 0.00080009550414619302
BURSTSIZE   (byte)= 1000113.8236674591
BDP            (%)= 0.0
NT             (%)= 0.50007948531907787
TP      (Bytes)= 100011648397023.000000
BR             = 100000266.0
BR(0)          = 31562150.000000
NT(0)          = 0.78918102359439668
BD(0)       (s)= 0.00080520344288966374
BQD(0)      (s)= 5.9930961610663402e-09
BWT(0)      (s)= 4.0571930936263852e-06
BR(1)          = 29183279.000000
NT(1)          = 0.72969989756355169
BD(1)       (s)= 0.0008052045307862766
BQD(1)      (s)= 6.8159578640905985e-09
BWT(1)      (s)= 4.0580159618115564e-06
BR(2)          = 24235499.000000
NT(2)          = 0.60598003077954343
BD(2)       (s)= 0.00080520023375627622
BQD(2)      (s)= 9.6143677503813715e-09
BWT(2)      (s)= 4.060814345105913e-06
BR(3)          = 13270519.000000
NT(3)          = 0.3318228771346215
BD(3)       (s)= 0.00080523416326068334
BQD(3)      (s)= 2.1307757443397654e-08
BWT(3)      (s)= 4.0725077142800522e-06
BR(4)          = 1748819.000000
NT(4)          = 0.043713597523276311
BD(4)       (s)= 0.00080515323198112557
BQD(4)      (s)= 2.1065530509446662e-07
BWT(4)      (s)= 4.2618555722461842e-06
CPS             = 300002678.000000
CDP            (%)= 0.0
DS = 121.20874225844393 N = 30 M = 5 DW = 8 CW = 8 BW = 10000000000 PD = 0.0000005 PT = 0.000001
BL = 1000000 L = 0.55 lambda = 27500.000000000004 mu = 1250.0 BS = 100000906.000000 BR = 100000239.000000 BL = 0.000000
DS            (s)= 121.20874225844393
RDS           (s)= 12498.313988
BD            (s)= 0.00080518997384596241
BQD           (s)= 1.0317639340841976e-07
BWT           (s)= 4.1543753110430067e-06
BURSTDURATION (s)= 0.00079998977434264445
BURSTSIZE   (byte)= 999980.4981746194
BDP            (%)= 0.0
NT             (%)= 0.55000592063776199
TP      (Bytes)= 99998288812801.000000
BR             = 100000239.0
BR(0)          = 29090660.000000
NT(0)          = 0.79985042999129152
BD(0)       (s)= 0.00080499387827570774
BQD(0)      (s)= 5.6499543152338247e-08
BWT(0)      (s)= 4.1076966284023802e-06
BR(1)          = 27263165.000000
NT(1)          = 0.7498652057644094
BD(1)       (s)= 0.00080527967079390827
BQD(1)      (s)= 6.2814937297265373e-08
BWT(1)      (s)= 4.1140149355366483e-06
BR(2)          = 23730216.000000
NT(2)          = 0.65243513083444726
BD(2)       (s)= 0.00080497839497120464
BQD(2)      (s)= 7.7038784644859527e-08
BWT(2)      (s)= 4.1282387821501501e-06
BR(3)          = 15848069.000000
NT(3)          = 0.43597241200054893
BD(3)       (s)= 0.00080549401387639084
BQD(3)      (s)= 1.3763645274386426e-07
BWT(3)      (s)= 4.1888364443642946e-06
BR(4)          = 4068129.000000
NT(4)          = 0.11190642459811298
BD(4)       (s)= 0.0008060408546533308
BQD(4)      (s)= 7.2566602484827797e-07
BWT(4)      (s)= 4.7768603208010365e-06
CPS             = 300002718.000000
CDP            (%)= 0.0
DS = 111.13631843398093 N = 30 M = 5 DW = 8 CW = 8 BW = 10000000000 PD = 0.0000005 PT = 0.000001
BL = 1000000 L = 0.60 lambda = 30000.0 mu = 1250.0 BS = 100000897.000000 BR = 100000174.000000 BL = 0.000000
DS            (s)= 111.13631843398093
RDS           (s)= 13738.259633
BD            (s)= 0.00080560029779548181
BQD           (s)= 5.6557865589313875e-07
BWT           (s)= 4.6167718768169349e-06
BURSTDURATION (s)= 0.00079993807294548574
BURSTSIZE   (byte)= 999915.40740292112
BDP            (%)= 0.0
NT             (%)= 0.59981421095914011
TP      (Bytes)= 99991714725573.000000
BR             = 100000174.0
BR(0)          = 26996633.000000
NT(0)          = 0.80933169753094403
BD(0)       (s)= 0.00080507111720191189
BQD(0)      (s)= 3.4771036076980415e-07
BWT(0)      (s)= 4.3989103381892106e-06
BR(1)          = 25562512.000000
NT(1)          = 0.76672834956170233
BD(1)       (s)= 0.00080550967127174353
BQD(1)      (s)= 3.7917380733161119e-07
BWT(1)      (s)= 4.4303737832964144e-06
BR(2)          = 22957100.000000
NT(2)          = 0.68840481350439775
BD(2)       (s)= 0.00080537618601652652
BQD(2)      (s)= 4.5037077853910121e-07
BWT(2)      (s)= 4.5015599095704593e-06
BR(3)          = 17365041.000000
NT(3)          = 0.52095483710784385
BD(3)       (s)= 0.00080596597767894698
BQD(3)      (s)= 6.765629865198706e-07
BWT(3)      (s)= 4.7277444378046675e-06
BR(4)          = 7118888.000000
NT(4)          = 0.21365135709081212
BD(4)       (s)= 0.00080776322636344326
BQD(4)      (s)= 2.1619345605662009e-06
BWT(4)      (s)= 6.2131196613853169e-06
CPS             = 300002689.000000
CDP            (%)= 0.0
DS = 102.56252653120693 N = 30 M = 5 DW = 8 CW = 8 BW = 10000000000 PD = 0.0000005 PT = 0.000001
BL = 1000000 L = 0.65 lambda = 32500.0 mu = 1250.0 BS = 100000926.000000 BR = 100000122.000000 BL = 0.000000
DS            (s)= 102.56252653120693
RDS           (s)= 16909.093724999999
BD            (s)= 0.00080735553238625048
BQD           (s)= 2.3449179692000777e-06
BWT           (s)= 6.396109916745901e-06
BURSTDURATION (s)= 0.00079991434256318787
BURSTSIZE   (byte)= 999885.2780921607
BDP            (%)= 0.0
NT             (%)= 0.64993621079720076
TP      (Bytes)= 99988649795220.000000
BR             = 100000122.0
BR(0)          = 25197239.000000
NT(0)          = 0.81859759538432153
BD(0)       (s)= 0.00080640083986979673
BQD(0)      (s)= 1.6161890991310595e-06
BWT(0)      (s)= 5.6673801443086682e-06
BR(1)          = 24077251.000000
NT(1)          = 0.78220584424688888
BD(1)       (s)= 0.00080652393996307966
BQD(1)      (s)= 1.7454559492692917e-06
BWT(1)      (s)= 5.7966541529180385e-06
BR(2)          = 22126570.000000
NT(2)          = 0.71899406492850393
BD(2)       (s)= 0.00080694211448046401
BQD(2)      (s)= 1.9849062913953678e-06
BWT(2)      (s)= 6.0361025228944204e-06
BR(3)          = 18193783.000000
NT(3)          = 0.59144755471771715
BD(3)       (s)= 0.00080794931252065614
BQD(3)      (s)= 2.6568060639175482e-06
BWT(3)      (s)= 6.7079967371271823e-06
BR(4)          = 10405279.000000
NT(4)          = 0.33843599470857205
BD(4)       (s)= 0.00081143254832474927
BQD(4)      (s)= 5.7169325301128395e-06
BWT(4)      (s)= 9.7681053050091198e-06
CPS             = 300002776.000000
CDP            (%)= 0.0
DS = 95.22242760895837 N = 30 M = 5 DW = 8 CW = 8 BW = 10000000000 PD = 0.0000005 PT = 0.000001
BL = 1000000 L = 0.70 lambda = 35000.0 mu = 1250.0 BS = 100000900.000000 BR = 100000066.000000 BL = 0.000000
DS            (s)= 95.22242760895837
RDS           (s)= 26015.078567
BD            (s)= 0.00081281124671457713
BQD           (s)= 7.5960119366321211e-06
BWT           (s)= 1.1647103912911418e-05
BURSTDURATION (s)= 0.00080012009394915442
BURSTSIZE   (byte)= 1000141.1785018722
BDP            (%)= 0.0
NT             (%)= 0.70021447937471559
TP      (Bytes)= 100014183859505.000000
BR             = 100000066.0
BR(0)          = 23689878.000000
NT(0)          = 0.82861302480443155
BD(0)       (s)= 0.00081025366859213037
BQD(0)      (s)= 5.7968558132718121e-06
BWT(0)      (s)= 9.8479719481881682e-06
BR(1)          = 22814040.000000
NT(1)          = 0.79816822095252959
BD(1)       (s)= 0.00081081993627608265
BQD(1)      (s)= 6.1729932971100251e-06
BWT(1)      (s)= 1.02240807415083e-05
BR(2)          = 21372036.000000
NT(2)          = 0.74794625412392135
BD(2)       (s)= 0.00081171440909981614
BQD(2)      (s)= 6.8239464410409941e-06
BWT(2)      (s)= 1.087502192116839e-05
BR(3)          = 18670136.000000
NT(3)          = 0.65424393009382853
BD(3)       (s)= 0.00081428805253480738
BQD(3)      (s)= 8.3513513238468101e-06
BWT(3)      (s)= 1.2402468412656447e-05
BR(4)          = 13453976.000000
NT(4)          = 0.47210096689886755
BD(4)       (s)= 0.0008203843266852862
BQD(4)      (s)= 1.3355269624384643e-05
BWT(4)      (s)= 1.7406318251199498e-05
CPS             = 300002698.000000
CDP            (%)= 0.0
DS = 88.891637052172015 N = 30 M = 5 DW = 8 CW = 8 BW = 10000000000 PD = 0.0000005 PT = 0.000001
BL = 1000000 L = 0.75 lambda = 37500.0 mu = 1250.0 BS = 100000894.000000 BR = 99999929.000000 BL = 0.000000
DS            (s)= 88.891637052172015
RDS           (s)= 11052.930299
BD            (s)= 0.00082614624944383716
BQD           (s)= 2.0994455686063538e-05
BWT           (s)= 2.5045222092107683e-05
BURSTDURATION (s)= 0.0008000570100003306
BURSTSIZE   (byte)= 1000062.2841807518
BDP            (%)= 0.0
NT             (%)= 0.75002299226384794
TP      (Bytes)= 100006157413653.000000
BR             = 99999929.0
BR(0)          = 22474316.000000
NT(0)          = 0.84030963250021695
BD(0)       (s)= 0.00082032041495723386
BQD(0)      (s)= 1.7545193677974451e-05
BWT(0)      (s)= 2.1596007549239765e-05
BR(1)          = 21792010.000000
NT(1)          = 0.81599644169268493
BD(1)       (s)= 0.0008223242381955588
BQD(1)      (s)= 1.8376089309797491e-05
BWT(1)      (s)= 2.2426934183675578e-05
BR(2)          = 20758797.000000
NT(2)          = 0.77840850857112154
BD(2)       (s)= 0.0008248601108725135
BQD(2)      (s)= 1.9781038034140418e-05
BWT(2)      (s)= 2.3831841411619371e-05
BR(3)          = 19009707.000000
NT(3)          = 0.71415007384468221
BD(3)       (s)= 0.00082912400496230692
BQD(3)      (s)= 2.2554038786605182e-05
BWT(3)      (s)= 2.6604765554776833e-05
BR(4)          = 15965099.000000
NT(4)          = 0.60125030471053453
BD(4)       (s)= 0.00083769101857746075
BQD(4)      (s)= 2.9144805678937537e-05
BWT(4)      (s)= 3.3195397222403695e-05
CPS             = 300002678.000000
CDP            (%)= 0.0
DS = 83.349409351815737 N = 30 M = 5 DW = 8 CW = 8 BW = 10000000000 PD = 0.0000005 PT = 0.000001
BL = 1000000 L = 0.80 lambda = 40000.0 mu = 1250.0 BS = 100000888.000000 BR = 99999827.000000 BL = 0.000000
DS            (s)= 83.349409351815737
RDS           (s)= 11598.597100000001
BD            (s)= 0.00085950918786089497
BQD           (s)= 5.4402972677142733e-05
BWT           (s)= 5.8453139993932189e-05
BURSTDURATION (s)= 0.00080001321746262899
BURSTSIZE   (byte)= 1000006.0598275336
BDP            (%)= 0.0
NT             (%)= 0.79984916317447607
TP      (Bytes)= 100000432981705.000000
BR             = 99999827.0
BR(0)          = 21508061.000000
NT(0)          = 0.85465736688216654
BD(0)       (s)= 0.0008488911081756742
BQD(0)      (s)= 4.8904239019965588e-05
BWT(0)      (s)= 5.2954454983180493e-05
BR(1)          = 21013279.000000
NT(1)          = 0.83734267680921803
BD(1)       (s)= 0.00085282334384843026
BQD(1)      (s)= 5.060289724416641e-05
BWT(1)      (s)= 5.4653131241440235e-05
BR(2)          = 20314905.000000
NT(2)          = 0.81255280892622928
BD(2)       (s)= 0.00085832093401372051
BQD(2)      (s)= 5.3107937152548826e-05
BWT(2)      (s)= 5.7158130938835306e-05
BR(3)          = 19318734.000000
NT(3)          = 0.77520854595896926
BD(3)       (s)= 0.00086493814770678028
BQD(3)      (s)= 5.7136054360497945e-05
BWT(3)      (s)= 6.1186218827796886e-05
BR(4)          = 17844848.000000
NT(4)          = 0.71948441729579693
BD(4)       (s)= 0.00087565527344362921
BQD(4)      (s)= 6.4020762070934975e-05
BWT(4)      (s)= 6.8070765186680203e-05
CPS             = 300002662.000000
CDP            (%)= 0.0
DS = 78.439874053749051 N = 30 M = 5 DW = 8 CW = 8 BW = 10000000000 PD = 0.0000005 PT = 0.000001
BL = 1000000 L = 0.85 lambda = 42500.0 mu = 1250.0 BS = 100000908.000000 BR = 99999765.000000 BL = 0.000000
DS            (s)= 78.439874053749051
RDS           (s)= 13342.318117999999
BD            (s)= 0.00095796320455353073
BQD           (s)= 0.00015288741392542273
BWT           (s)= 0.00015693708484214937
BURSTDURATION (s)= 0.00079998296694466016
BURSTSIZE   (byte)= 999968.64963938668
BDP            (%)= 0.0
NT             (%)= 0.84987923278905897
TP      (Bytes)= 99996629971306.000000
BR             = 99999765.0
BR(0)          = 20797429.000000
NT(0)          = 0.87210365918807975
BD(0)       (s)= 0.00094015807516400216
BQD(0)      (s)= 0.00014564008070420628
BWT(0)      (s)= 0.00014968966952597841
BR(1)          = 20444237.000000
NT(1)          = 0.863325917613879
BD(1)       (s)= 0.00094873462633993143
BQD(1)      (s)= 0.00014866133189514482
BWT(1)      (s)= 0.00015271111707421508
BR(2)          = 20043181.000000
NT(2)          = 0.85244069011821022
BD(2)       (s)= 0.00095805378737037804
BQD(2)      (s)= 0.00015229742030469117
BWT(2)      (s)= 0.0001563471580184802
BR(3)          = 19599044.000000
NT(3)          = 0.83889911871968714
BD(3)       (s)= 0.00096765117181225782
BQD(3)      (s)= 0.00015675822203368696
BWT(3)      (s)= 0.00016080791930463546
BR(4)          = 19115874.000000
NT(4)          = 0.82262677830543929
BD(4)       (s)= 0.00097717664413356155
BQD(4)      (s)= 0.00016194198983525418
BWT(4)      (s)= 0.00016599153070374914
CPS             = 300002718.000000
CDP            (%)= 0.0
DS = 74.078950549412099 N = 30 M = 5 DW = 8 CW = 8 BW = 10000000000 PD = 0.0000005 PT = 0.000001
BL = 1000000 L = 0.90 lambda = 45000.0 mu = 1250.0 BS = 100000910.000000 BR = 99998869.000000 BL = 0.000000
DS            (s)= 74.078950549412099
RDS           (s)= 12048.89869
BD            (s)= 0.0016398913279509191
BQD           (s)= 0.00083485220718846329
BWT           (s)= 0.00083888571709746034
BURSTDURATION (s)= 0.00079996352428192896
BURSTSIZE   (byte)= 999943.01356547337
BDP            (%)= 0.0
NT             (%)= 0.89987929256009658
TP      (Bytes)= 99993170420999.000000
BR             = 99998869.0
BR(0)          = 20224733.000000
NT(0)          = 0.90102888637168632
BD(0)       (s)= 0.0016230474408240642
BQD(0)      (s)= 0.00082589493216053819
BWT(0)      (s)= 0.00082992912989259243
BR(1)          = 20093512.000000
NT(1)          = 0.90040567377043323
BD(1)       (s)= 0.001632801118739223
BQD(1)      (s)= 0.00083102838214643617
BWT(1)      (s)= 0.00083506162596165361
BR(2)          = 19979932.000000
NT(2)          = 0.89981755996252666
BD(2)       (s)= 0.0016413750999252649
BQD(2)      (s)= 0.00083559561343852422
BWT(2)      (s)= 0.00083962999733933042
BR(3)          = 19890828.000000
NT(3)          = 0.89931365261701024
BD(3)       (s)= 0.0016484369132345824
BQD(3)      (s)= 0.00083952222763175068
BWT(3)      (s)= 0.00084355538577881217
BR(4)          = 19809864.000000
NT(4)          = 0.89883069007882654
BD(4)       (s)= 0.0016542026777669953
BQD(4)      (s)= 0.00084243675145876827
BWT(4)      (s)= 0.00084646930074835458
CPS             = 300002722.000000
CDP            (%)= 0.0
DS = 70.177363491559035 N = 30 M = 5 DW = 8 CW = 8 BW = 10000000000 PD = 0.0000005 PT = 0.000001
BL = 1000000 L = 0.95 lambda = 47500.0 mu = 1250.0 BS = 100000897.000000 BR = 99984644.000000 BL = 0.000000
DS            (s)= 70.177363491559035
RDS           (s)= 25300.154760000001
BD            (s)= 0.010774046949909629
BQD           (s)= 0.0099710707825493676
BWT           (s)= 0.0099730637730029818
BURSTDURATION (s)= 0.00079996563135828664
BURSTSIZE   (byte)= 999914.97114030831
BDP            (%)= 0.0
NT             (%)= 0.94974730165194621
TP      (Bytes)= 99976142419734.000000
BR             = 99984644.0
BR(0)          = 20014576.000000
NT(0)          = 0.9497947421617966
BD(0)       (s)= 0.010766826824910007
BQD(0)      (s)= 0.0099644984376886132
BWT(0)      (s)= 0.0099665090400616035
BR(1)          = 19998134.000000
NT(1)          = 0.94977588671153701
BD(1)       (s)= 0.010770786126945644
BQD(1)      (s)= 0.0099678124174485475
BWT(1)      (s)= 0.0099698270839169295
BR(2)          = 19997432.000000
NT(2)          = 0.94974718876009223
BD(2)       (s)= 0.010773437984637226
BQD(2)      (s)= 0.0099705007624979053
BWT(2)      (s)= 0.0099724750316940707
BR(3)          = 19990738.000000
NT(3)          = 0.94971533132935626
BD(3)       (s)= 0.010777772798633048
BQD(3)      (s)= 0.0099745921510251394
BWT(3)      (s)= 0.0099765688316759485
BR(4)          = 19983764.000000
NT(4)          = 0.94970335929694871
BD(4)       (s)= 0.01078142360783484
BQD(4)      (s)= 0.0099779617816743629
BWT(4)      (s)= 0.0099799504910586413
CPS             = 300002681.000000
CDP            (%)= 0.0
DS = 69.448757038666997 N = 30 M = 5 DW = 8 CW = 8 BW = 10000000000 PD = 0.0000005 PT = 0.000001
BL = 1000000 L = 0.96 lambda = 48000.0 mu = 1250.0 BS = 100000893.000000 BR = 99972810.000000 BL = 0.000000
DS            (s)= 69.448757038666997
RDS           (s)= 44634.862496000002
BD            (s)= 0.020495480266424441
BQD           (s)= 0.01969678436663929
BWT           (s)= 0.019694616005271833
BURSTDURATION (s)= 0.0007998659673769113
BURSTSIZE   (byte)= 999766.32645694364
BDP            (%)= 0.0
NT             (%)= 0.95945512692789336
TP      (Bytes)= 99949448999278.000000
BR             = 99972810.0
BR(0)          = 20003675.000000
NT(0)          = 0.95947363221206938
BD(0)       (s)= 0.020487170636845482
BQD(0)      (s)= 0.019688807596604123
BWT(0)      (s)= 0.019686655324334154
BR(1)          = 19999949.000000
NT(1)          = 0.95946282240036529
BD(1)       (s)= 0.020491370100493754
BQD(1)      (s)= 0.019692841190245034
BWT(1)      (s)= 0.019690714856222882
BR(2)          = 19992108.000000
NT(2)          = 0.95946402340083758
BD(2)       (s)= 0.020496299544450241
BQD(2)      (s)= 0.019697556631046612
BWT(2)      (s)= 0.019695329690395828
BR(3)          = 19989581.000000
NT(3)          = 0.95942883900492426
BD(3)       (s)= 0.020500807258041077
BQD(3)      (s)= 0.019702016695347442
BWT(3)      (s)= 0.019699765618999217
BR(4)          = 19987497.000000
NT(4)          = 0.95944631762127042
BD(4)       (s)= 0.020501762334373334
BQD(4)      (s)= 0.019702707909199434
BWT(4)      (s)= 0.019700622708636303
CPS             = 300002675.000000
CDP            (%)= 0.0
DS = 68.730206055069843 N = 30 M = 5 DW = 8 CW = 8 BW = 10000000000 PD = 0.0000005 PT = 0.000001
BL = 1000000 L = 0.97 lambda = 48500.0 mu = 1250.0 BS = 100000905.000000 BR = 99919434.000000 BL = 0.000000
DS            (s)= 68.730206055069843
RDS           (s)= 28505.472806999998
BD            (s)= 0.051136643246678118
BQD           (s)= 0.050384674393011475
BWT           (s)= 0.050335720253899763
BURSTDURATION (s)= 0.00080001085325177802
BURSTSIZE   (byte)= 999839.74094685121
BDP            (%)= 0.0
NT             (%)= 0.96903944413289189
TP      (Bytes)= 99903421006116.000000
BR             = 99919434.0
BR(0)          = 19985765.000000
NT(0)          = 0.96904759653232186
BD(0)       (s)= 0.051125449524148811
BQD(0)      (s)= 0.050373129078971957
BWT(0)      (s)= 0.050324594972271514
BR(1)          = 19980203.000000
NT(1)          = 0.96904902064765075
BD(1)       (s)= 0.051137963617787066
BQD(1)      (s)= 0.050385450046628658
BWT(1)      (s)= 0.050336885244509279
BR(2)          = 19986975.000000
NT(2)          = 0.96903501871033815
BD(2)       (s)= 0.05113768253380014
BQD(2)      (s)= 0.050385741757119323
BWT(2)      (s)= 0.050336886782016789
BR(3)          = 19983718.000000
NT(3)          = 0.96904182708892728
BD(3)       (s)= 0.051137749380470644
BQD(3)      (s)= 0.050386226353124078
BWT(3)      (s)= 0.050336817664310515
BR(4)          = 19982773.000000
NT(4)          = 0.96902375768522131
BD(4)       (s)= 0.051144372752069997
BQD(4)      (s)= 0.050392826259798879
BWT(4)      (s)= 0.050343418124801802
CPS             = 300002713.000000
CDP            (%)= 0.0
