N = 30 M = 5 DW = 8 CW = 8 PD = 0.0000005 L = 0.05 lambda = 2500.0
0	0
1	75036
2	150038
3	224765
4	300285
5	375675
6	450705
7	525264
8	600492
9	675683
10	750695
11	825219
12	900170
13	974961
14	1050203
15	1125234
16	1199906
17	1274884
18	1350181
19	1424976
20	1499799
21	1574833
22	1649683
23	1725218
24	1800688
25	1875585
26	1950649
27	2026009
28	2101096
29	2176122
30	2251304
31	2326727
32	2401845
33	2476507
34	2551489
35	2626134
36	2701047
37	2776237
38	2850928
39	2925659
40	3001134
41	3076062
42	3151388
43	3226011
44	3300826
45	3375588
46	3450346
47	3525038
48	3600736
49	3675647
50	3750696
51	3825469
52	3900248
53	3975620
54	4050618
55	4125628
56	4200539
57	4276258
58	4351157
59	4426309
60	4500985
61	4575659
62	4650167
63	4724989
64	4799838
65	4874737
66	4950277
67	5025665
68	5100450
69	5175397
70	5250057
71	5325295
72	5400416
73	5475006
74	5549804
75	5624685
76	5699555
77	5774336
78	5849194
79	5923903
80	5998516
81	6073479
82	6148665
83	6223197
84	6298437
85	6373501
86	6448927
87	6523958
88	6599056
89	6673934
90	6748759
91	6823826
92	6898988
93	6974045
94	7049533
95	7124295
96	7198897
97	7273681
98	7348575
99	7423477
100	7498924
101	7573826
102	7648658
103	7723693
104	7798844
105	7873776
106	7949102
107	8024036
108	8098992
109	8174057
110	8248924
111	8323626
112	8399016
113	8473778
114	8548699
115	8623350
116	8698033
117	8772779
118	8847361
119	8922271
120	8997663
121	9072854
122	9147778
123	9222617
124	9297786
125	9372372
126	9446999
127	9522188
128	9596975
129	9672008
130	9747036
131	9822227
132	9897486
133	9972758
134	10047363
135	10121940
136	10197266
137	10272140
138	10347131
139	10422545
140	10496943
141	10572012
142	10646868
143	10722413
144	10797779
145	10873283
146	10948110
147	11023421
148	11098118
149	11173270
150	11248129
151	11323675
152	11398851
153	11474037
154	11548937
155	11624385
156	11699786
157	11774593
158	11849667
159	11924531
160	11999952
161	12075199
162	12149836
163	12224444
164	12299888
165	12374413
166	12449248
167	12524581
168	12599681
169	12675199
170	12749837
171	12824624
172	12899501
173	12974601
174	13050062
175	13125416
176	13200069
177	13275068
178	13350302
179	13425372
180	13500591
181	13575449
182	13649958
183	13724707
184	13799656
185	13874002
186	13949170
187	14024176
188	14099333
189	14174599
190	14249741
191	14324668
192	14399895
193	14474669
194	14549340
195	14624362
196	14698979
197	14774171
198	14848787
199	14923362
200	14998590
201	15073464
202	15148299
203	15223495
204	15297776
205	15373046
206	15448328
207	15523550
208	15599065
209	15674124
210	15749281
211	15824722
212	15899637
213	15974538
214	16049210
215	16124346
216	16199154
217	16274198
218	16348928
219	16424049
220	16499461
221	16574178
222	16648812
223	16724005
224	16798667
225	16873554
226	16948669
227	17023568
228	17098883
229	17173800
230	17249005
231	17323870
232	17399437
233	17474698
234	17549904
235	17625346
236	17700384
237	17774933
238	17850032
239	17924694
240	17999409
241	18074492
242	18149389
243	18224141
244	18299673
245	18374861
246	18450050
247	18524955
248	18599482
249	18674254
250	18749361
251	18824234
252	18899515
253	18974397
254	19049201
255	19124059
256	19199229
257	19273600
258	19348646
259	19423785
260	19498714
261	19573745
262	19648729
263	19724111
264	19798938
265	19873915
266	19948741
267	20023812
268	20098969
269	20174106
270	20248891
271	20323627
272	20398523
273	20473817
274	20548707
275	20623058
276	20697920
277	20772242
278	20847197
279	20922014
280	20996591
281	21071450
282	21146084
283	21221262
284	21296378
285	21371390
286	21445997
287	21520711
288	21595787
289	21670771
290	21746206
291	21821597
292	21896547
293	21971990
294	22047048
295	22122280
296	22197446
297	22272664
298	22347558
299	22422191
300	22497159
301	22572111
302	22647125
303	22721534
304	22796871
305	22871926
306	22946725
307	23021628
308	23096574
309	23171461
310	23246254
311	23321560
312	23396193
313	23471422
314	23546565
315	23621455
316	23695784
317	23770809
318	23846043
319	23920883
320	23995706
321	24070729
322	24145743
323	24220273
324	24294548
325	24369528
326	24444460
327	24519322
328	24594328
329	24669555
330	24744760
331	24819466
332	24894760
333	24969598
334	25044376
335	25119711
336	25195151
337	25269887
338	25344793
339	25419316
340	25494384
341	25568982
342	25644164
343	25718680
344	25793719
345	25868546
346	25943673
347	26018310
348	26093441
349	26168246
350	26242777
351	26317928
352	26392707
353	26467391
354	26542048
355	26617210
356	26692328
357	26767451
358	26842575
359	26917362
360	26992072
361	27067114
362	27142059
363	27217241
364	27292135
365	27366964
366	27442376
367	27517449
368	27592697
369	27667630
370	27742354
371	27817865
372	27892850
373	27967771
374	28042535
375	28117616
376	28192364
377	28267436
378	28342627
379	28417990
380	28492748
381	28567760
382	28642893
383	28717951
384	28793199
385	28868029
386	28943326
387	29018711
388	29093779
389	29168734
390	29243646
391	29318732
392	29393658
393	29468487
394	29542876
395	29617676
396	29693195
397	29767721
398	29842576
399	29917739
400	29992857
401	30068219
402	30143144
403	30218467
404	30293658
405	30368840
406	30443772
407	30519153
408	30593928
409	30668979
410	30744271
411	30819181
412	30894314
413	30968808
414	31043841
415	31118678
416	31193415
417	31268221
418	31343520
419	31418240
420	31493887
421	31569480
422	31644374
423	31719158
424	31794186
425	31869625
426	31944505
427	32019579
428	32094857
429	32170100
430	32245553
431	32320474
432	32395363
433	32470149
434	32545145
435	32620755
436	32695821
437	32770963
438	32845652
439	32920364
440	32995657
441	33070851
442	33145858
443	33221112
444	33296291
445	33370845
446	33446061
447	33521350
448	33596096
449	33671015
450	33745840
451	33820794
452	33895925
453	33970653
454	34045557
455	34120140
456	34195539
457	34270513
458	34345519
459	34420775
460	34495975
461	34570650
462	34645477
463	34720498
464	34794985
465	34870098
466	34945056
467	35020408
468	35095440
469	35170195
470	35245362
471	35320427
472	35395496
473	35470575
474	35545367
475	35620351
476	35695476
477	35771167
478	35845996
479	35921214
480	35995762
481	36070528
482	36145503
483	36220606
484	36295334
485	36370284
486	36444864
487	36520009
488	36594814
489	36669974
490	36745305
491	36820436
492	36895371
493	36970079
494	37045611
495	37120645
496	37195823
497	37270873
498	37345503
499	37420809
500	37495979
501	37571065
502	37645979
503	37721153
504	37796135
505	37871200
506	37946593
507	38021929
508	38096631
509	38171523
510	38246329
511	38321061
512	38396332
513	38471101
514	38546583
515	38621271
516	38695941
517	38770710
518	38845479
519	38920287
520	38995616
521	39070527
522	39146156
523	39221063
524	39296372
525	39371240
526	39446104
527	39521196
528	39596430
529	39672292
530	39747697
531	39823341
532	39898176
533	39972963
534	40048077
535	40122971
536	40198021
537	40273477
538	40348442
539	40423419
540	40497939
541	40573018
542	40648126
543	40723080
544	40798067
545	40873019
546	40948101
547	41023159
548	41098029
549	41172805
550	41247784
551	41322533
552	41397344
553	41472537
554	41547118
555	41622285
556	41697493
557	41772890
558	41847772
559	41922666
560	41997851
561	42072910
562	42147907
563	42223266
564	42298114
565	42373376
566	42448249
567	42522879
568	42597995
569	42673509
570	42747972
571	42823283
572	42898262
573	42973014
574	43048370
575	43123226
576	43197949
577	43272960
578	43348420
579	43423362
580	43498173
581	43573003
582	43648310
583	43723274
584	43798312
585	43873372
586	43948102
587	44023229
588	44098538
589	44173076
590	44248099
591	44323122
592	44398248
593	44473023
594	44547979
595	44622820
596	44697768
597	44772168
598	44847128
599	44922715
600	44997908
601	45072912
602	45148198
603	45223216
604	45298282
605	45373137
606	45448196
607	45523703
608	45598760
609	45673603
610	45748560
611	45823052
612	45898187
613	45973145
614	46048337
615	46123166
616	46198175
617	46273316
618	46348252
619	46422698
620	46497649
621	46572429
622	46647310
623	46721891
624	46796361
625	46871388
626	46946422
627	47021530
628	47096451
629	47171701
630	47246479
631	47321678
632	47396602
633	47471619
634	47546604
635	47621704
636	47696837
637	47771549
638	47846625
639	47921535
640	47996866
641	48071612
642	48146501
643	48222065
644	48297108
645	48371291
646	48446813
647	48521414
648	48596491
649	48671563
650	48746193
651	48821376
652	48895753
653	48970546
654	49045334
655	49120761
656	49195745
657	49270957
658	49345877
659	49420782
660	49495685
661	49570584
662	49646118
663	49721077
664	49796406
665	49871434
666	49946223
667	50021167
668	50095939
669	50170872
670	50245677
671	50320431
672	50395209
673	50469973
674	50545538
675	50620828
676	50695406
677	50770326
678	50845644
679	50921154
680	50995656
681	51070645
682	51145327
683	51220539
684	51295299
685	51370326
686	51445467
687	51520353
688	51595140
689	51669921
690	51744742
691	51819694
692	51894632
693	51969768
694	52045118
695	52119837
696	52195459
697	52270319
698	52345614
699	52420395
700	52495434
701	52570417
702	52645551
703	52720493
704	52795621
705	52870440
706	52945883
707	53021361
708	53096840
709	53171898
710	53246570
711	53321293
712	53396024
713	53471155
714	53546580
715	53621994
716	53696931
717	53772145
718	53847162
719	53922145
720	53997710
721	54072493
722	54147762
723	54222926
724	54298060
725	54372799
726	54447814
727	54522560
728	54597162
729	54672229
730	54747089
731	54822174
732	54897105
733	54971970
734	55047205
735	55122006
736	55196646
737	55271423
738	55346037
739	55420903
740	55495666
741	55571192
742	55646180
743	55721529
744	55796292
745	55871272
746	55946353
747	56021284
748	56096357
749	56171801
750	56246821
751	56321998
752	56396671
753	56472005
754	56547019
755	56621783
756	56696700
757	56771492
758	56846314
759	56921464
760	56996317
761	57071375
762	57146173
763	57220900
764	57295712
765	57370894
766	57445802
767	57521055
768	57595939
769	57671084
770	57746105
771	57820710
772	57895676
773	57970490
774	58045670
775	58120888
776	58195826
777	58270873
778	58346080
779	58420533
780	58495651
781	58570915
782	58645990
783	58721092
784	58795702
785	58870689
786	58945244
787	59020241
788	59095451
789	59171009
790	59246232
791	59321097
792	59396233
793	59471218
794	59546124
795	59621033
796	59695854
797	59770786
798	59845665
799	59920795
800	59995608
801	60070625
802	60146013
803	60221152
804	60296169
805	60371235
806	60446021
807	60521305
808	60596119
809	60671202
810	60746304
811	60821603
812	60896675
813	60971837
814	61047018
815	61122803
816	61198021
817	61272840
818	61347637
819	61422726
820	61497472
821	61572647
822	61647798
823	61722837
824	61797924
825	61873124
826	61948438
827	62023628
828	62098440
829	62173607
830	62248826
831	62323798
832	62398910
833	62473984
834	62548972
835	62623862
836	62698648
837	62773618
838	62848899
839	62924061
840	62998810
841	63073798
842	63148665
843	63223483
844	63298711
845	63373870
846	63448368
847	63523302
848	63598200
849	63672455
850	63747476
851	63822622
852	63897491
853	63972659
854	64047671
855	64122912
856	64197644
857	64272347
858	64347382
859	64422129
860	64497247
861	64572329
862	64647413
863	64722627
864	64797905
865	64872323
866	64946991
867	65022241
868	65097460
869	65172768
870	65247860
871	65322663
872	65397667
873	65472627
874	65547271
875	65622535
876	65698057
877	65772985
878	65848425
879	65923634
880	65998756
881	66073597
882	66148634
883	66223581
884	66298517
885	66373416
886	66448251
887	66523264
888	66598419
889	66673330
890	66748446
891	66823254
892	66898459
893	66973806
894	67048971
895	67124125
896	67198950
897	67273671
898	67348687
899	67423365
900	67498238
901	67573641
902	67648647
903	67724250
904	67799352
905	67874510
906	67949302
907	68023999
908	68098907
909	68173907
910	68248849
911	68323477
912	68398355
913	68473622
914	68549047
915	68624242
916	68699337
917	68774405
918	68849435
919	68924621
920	68999631
921	69074825
922	69149987
923	69225222
924	69300488
925	69375398
926	69450424
927	69525606
928	69600869
929	69676529
930	69751556
931	69826978
932	69901666
933	69976987
934	70051666
935	70125959
936	70200875
937	70276037
938	70351282
939	70425926
940	70500911
941	70576104
942	70651243
943	70726101
944	70801191
945	70876019
946	70950982
947	71025449
948	71100455
949	71175309
950	71250303
951	71325204
952	71400378
953	71475456
954	71550432
955	71625470
956	71700108
957	71775194
958	71850051
959	71924911
960	72000105
961	72075067
962	72150260
963	72224794
964	72299799
965	72375136
966	72450350
967	72525081
968	72600161
969	72675769
970	72750458
971	72825475
972	72900033
973	72974805
974	73049865
975	73124892
976	73199820
977	73274993
978	73349961
979	73425012
980	73500237
981	73575307
982	73650699
983	73725806
984	73800588
985	73875561
986	73950955
987	74026588
988	74101890
989	74176601
990	74251851
991	74326986
992	74402043
993	74477069
994	74552138
995	74627521
996	74702670
997	74777598
998	74852411
999	74927605
1000	75002522
1001	75077325
1002	75152274
1003	75227087
1004	75302496
1005	75377556
1006	75452245
1007	75526816
1008	75601761
1009	75676853
1010	75751788
1011	75826572
1012	75902058
1013	75977095
1014	76052239
1015	76126839
1016	76201972
1017	76276921
1018	76351462
1019	76426484
1020	76501209
1021	76576098
1022	76650784
1023	76725165
1024	76800160
1025	76875163
1026	76949980
1027	77025140
1028	77100102
1029	77175155
1030	77250132
1031	77325575
1032	77400750
1033	77475930
1034	77550905
1035	77625679
1036	77700326
1037	77775785
1038	77850443
1039	77925846
1040	78000755
1041	78075485
1042	78150262
1043	78225469
1044	78300428
1045	78375554
1046	78450693
1047	78525989
1048	78601010
1049	78676717
1050	78751960
1051	78826909
1052	78901260
1053	78976386
1054	79051222
1055	79126260
1056	79200952
1057	79276139
1058	79350849
1059	79425813
1060	79500318
1061	79575055
1062	79649695
1063	79725055
1064	79799963
1065	79875006
1066	79950153
1067	80025633
1068	80101124
1069	80176291
1070	80251332
1071	80326295
1072	80401087
1073	80476151
1074	80551406
1075	80626314
1076	80700961
1077	80776852
1078	80851702
1079	80926350
1080	81001695
1081	81076436
1082	81151492
1083	81226445
1084	81301360
1085	81376289
1086	81451362
1087	81526685
1088	81601225
1089	81676042
1090	81751232
1091	81826437
1092	81901560
1093	81976773
1094	82051621
1095	82126259
1096	82201247
1097	82275988
1098	82350764
1099	82425794
1100	82500785
1101	82575259
1102	82650525
1103	82725440
1104	82800546
1105	82875865
1106	82950929
1107	83026097
1108	83100808
1109	83175667
1110	83250827
1111	83325599
1112	83400947
1113	83475427
1114	83550766
1115	83625611
1116	83700347
1117	83775854
1118	83850592
1119	83925532
1120	84000721
1121	84075871
1122	84150793
1123	84225527
1124	84300924
1125	84375661
1126	84450308
1127	84525203
1128	84600411
1129	84675612
1130	84750369
1131	84825446
1132	84900825
1133	84976219
1134	85051236
1135	85126056
1136	85201360
1137	85276079
1138	85351130
1139	85425804
1140	85500734
1141	85576285
1142	85651177
1143	85726712
1144	85801593
1145	85876539
1146	85951385
1147	86026272
1148	86101168
1149	86175710
1150	86250426
1151	86325356
1152	86401034
1153	86475975
1154	86551140
1155	86626264
1156	86701548
1157	86776700
1158	86851512
1159	86926247
1160	87001258
1161	87076474
1162	87151237
1163	87226169
1164	87301449
1165	87376375
1166	87451269
1167	87525776
1168	87600771
1169	87676237
1170	87751127
1171	87825715
1172	87900229
1173	87975209
1174	88049862
1175	88124807
1176	88200318
1177	88275286
1178	88350276
1179	88425352
1180	88500492
1181	88575288
1182	88650582
1183	88725464
1184	88800848
1185	88876492
1186	88951600
1187	89027090
1188	89101833
1189	89177515
1190	89252351
1191	89327439
1192	89401797
1193	89476702
1194	89551407
1195	89626358
1196	89701485
1197	89776725
1198	89851841
1199	89926919
1200	90001954
1201	90076853
1202	90152103
1203	90227258
1204	90302176
1205	90376974
1206	90452224
1207	90527099
1208	90602321
1209	90677410
1210	90751791
1211	90826736
1212	90901957
1213	90976771
1214	91051620
1215	91126762
1216	91201892
1217	91276483
1218	91351581
1219	91426341
1220	91501276
1221	91575583
1222	91650070
1223	91725273
1224	91800397
1225	91875528
1226	91950566
1227	92025500
1228	92100637
1229	92175863
1230	92250888
1231	92325881
1232	92401411
1233	92476460
1234	92551492
1235	92626830
1236	92701724
1237	92776682
1238	92851787
1239	92926613
1240	93001583
1241	93076476
1242	93151550
1243	93226327
1244	93301476
1245	93376443
1246	93451217
1247	93526336
1248	93601389
1249	93676393
1250	93751092
1251	93825995
1252	93900731
1253	93975999
1254	94051220
1255	94126249
1256	94201429
1257	94276347
1258	94351267
1259	94426637
1260	94501450
1261	94576027
1262	94651263
1263	94726655
1264	94802055
1265	94877140
1266	94952044
1267	95027025
1268	95101922
1269	95177047
1270	95251916
1271	95327314
1272	95402125
1273	95477431
1274	95552597
1275	95627772
1276	95702390
1277	95776628
1278	95851517
1279	95926076
1280	96001075
1281	96076609
1282	96151964
1283	96226621
1284	96301312
1285	96375707
1286	96451253
1287	96526430
1288	96601679
1289	96676917
1290	96751987
1291	96827042
1292	96902259
1293	96977203
1294	97052257
1295	97127107
1296	97202294
1297	97276918
1298	97351994
1299	97427068
1300	97502118
1301	97577494
1302	97652262
1303	97727116
1304	97802466
1305	97876523
1306	97951463
1307	98026159
1308	98100683
1309	98175245
1310	98250136
1311	98325110
1312	98400289
1313	98474826
1314	98549539
1315	98624446
1316	98699381
1317	98774486
1318	98849753
1319	98924401
1320	98999111
1321	99073635
1322	99148161
1323	99223315
1324	99298069
1325	99372823
1326	99447233
1327	99522497
1328	99597823
1329	99672949
1330	99748323
1331	99823272
1332	99897824
1333	99972428
N = 30 M = 5 DW = 8 CW = 8 PD = 0.0000005 L = 0.10 lambda = 5000.0
0	0
1	150602
2	301260
3	450902
4	601432
5	751138
6	901418
7	1052419
8	1202486
9	1352251
10	1502167
11	1651751
12	1801857
13	1951919
14	2101841
15	2252070
16	2401771
17	2551507
18	2701125
19	2850879
20	3000423
21	3150912
22	3300574
23	3450519
24	3601265
25	3751059
26	3901705
27	4052554
28	4202480
29	4352452
30	4502062
31	4652437
32	4802087
33	4952405
34	5102417
35	5252941
36	5403127
37	5553554
38	5703503
39	5853197
40	6003139
41	6153574
42	6303279
43	6452888
44	6602869
45	6752948
46	6902785
47	7052767
48	7203009
49	7353414
50	7503941
51	7654430
52	7803809
53	7953448
54	8103359
55	8253859
56	8403998
57	8553677
58	8704045
59	8854170
60	9004078
61	9154835
62	9305372
63	9455192
64	9605341
65	9754979
66	9904622
67	10054350
68	10204393
69	10354655
70	10504546
71	10654068
72	10804235
73	10954661
74	11105492
75	11255277
76	11405424
77	11555847
78	11705929
79	11855496
80	12006102
81	12156828
82	12306935
83	12456912
84	12606634
85	12756492
86	12906804
87	13056063
88	13206347
89	13356189
90	13506041
91	13656263
92	13806737
93	13956547
94	14106470
95	14256124
96	14406105
97	14555830
98	14705279
99	14855717
100	15006357
101	15156450
102	15306960
103	15456510
104	15606699
105	15756802
106	15906874
107	16057188
108	16207351
109	16357388
110	16508294
111	16657358
112	16807829
113	16957800
114	17108113
115	17258464
116	17408397
117	17558872
118	17709015
119	17859260
120	18009606
121	18159032
122	18308053
123	18458281
124	18608507
125	18758138
126	18908770
127	19058724
128	19209300
129	19358952
130	19509109
131	19659052
132	19809303
133	19959140
134	20109130
135	20258532
136	20408367
137	20557880
138	20707084
139	20857356
140	21007481
141	21156823
142	21306702
143	21456311
144	21606545
145	21756240
146	21905695
147	22054960
148	22204922
149	22354421
150	22504808
151	22654924
152	22805632
153	22955234
154	23104728
155	23254526
156	23404668
157	23554249
158	23704300
159	23854099
160	24004361
161	24153721
162	24304033
163	24453908
164	24604205
165	24754295
166	24903700
167	25053909
168	25203824
169	25354423
170	25504714
171	25654750
172	25804210
173	25954036
174	26103470
175	26253800
176	26403614
177	26553653
178	26703266
179	26853087
180	27003018
181	27153664
182	27303793
183	27454513
184	27604381
185	27754234
186	27904219
187	28054580
188	28204880
189	28355270
190	28505197
191	28655485
192	28805077
193	28955121
194	29105639
195	29255210
196	29405073
197	29554852
198	29705202
199	29855828
200	30005696
201	30155992
202	30305815
203	30455956
204	30606081
205	30755919
206	30905596
207	31054739
208	31204748
209	31354698
210	31504753
211	31654435
212	31804041
213	31954186
214	32104466
215	32255007
216	32404202
217	32554255
218	32703832
219	32854304
220	33004329
221	33154914
222	33304887
223	33454551
224	33605287
225	33755543
226	33905312
227	34054951
228	34205232
229	34355465
230	34505477
231	34655684
232	34805558
233	34955134
234	35104708
235	35255186
236	35404485
237	35553826
238	35704375
239	35854440
240	36004169
241	36154181
242	36304455
243	36453837
244	36603250
245	36753487
246	36903779
247	37053586
248	37204093
249	37353812
250	37503515
251	37653505
252	37803619
253	37953515
254	38103895
255	38253973
256	38404888
257	38554604
258	38704696
259	38854788
260	39004582
261	39154559
262	39304275
263	39454132
264	39604218
265	39753968
266	39903347
267	40053406
268	40202934
269	40353100
270	40502831
271	40652037
272	40801344
273	40951162
274	41101508
275	41252095
276	41402082
277	41551890
278	41702308
279	41852207
280	42002727
281	42152694
282	42303050
283	42452436
284	42601601
285	42752364
286	42901958
287	43052478
288	43202040
289	43350611
290	43501056
291	43650382
292	43800582
293	43950070
294	44100698
295	44250650
296	44400317
297	44550723
298	44700519
299	44851257
300	45001053
301	45151794
302	45302148
303	45452035
304	45602016
305	45751569
306	45902097
307	46052170
308	46201585
309	46351229
310	46500864
311	46651154
312	46801340
313	46951472
314	47100468
315	47250480
316	47400286
317	47549831
318	47699142
319	47848440
320	47998450
321	48148565
322	48299049
323	48449399
324	48599762
325	48749363
326	48898675
327	49048728
328	49199199
329	49348934
330	49499115
331	49649027
332	49799257
333	49948721
334	50098406
335	50247882
336	50397556
337	50547407
338	50696955
339	50846361
340	50995963
341	51146128
342	51295175
343	51445330
344	51594801
345	51744838
346	51895277
347	52044522
348	52194505
349	52344987
350	52495012
351	52644612
352	52794477
353	52944561
354	53094855
355	53244403
356	53394202
357	53544054
358	53694040
359	53844495
360	53994810
361	54144495
362	54294096
363	54443860
364	54593198
365	54743044
366	54893322
367	55043357
368	55193730
369	55343681
370	55494262
371	55644308
372	55794364
373	55944420
374	56094191
375	56244562
376	56394245
377	56544389
378	56694162
379	56844877
380	56994802
381	57144334
382	57294420
383	57444311
384	57594556
385	57744786
386	57895457
387	58046318
388	58196339
389	58346081
390	58496146
391	58645985
392	58796063
393	58946472
394	59096017
395	59246543
396	59396570
397	59546635
398	59696031
399	59845616
400	59995786
401	60145727
402	60295427
403	60445666
404	60595300
405	60744950
406	60895219
407	61045209
408	61195309
409	61345030
410	61494508
411	61644882
412	61794335
413	61944515
414	62094602
415	62244421
416	62394301
417	62544089
418	62694290
419	62843537
420	62993139
421	63143063
422	63293157
423	63443657
424	63594165
425	63743848
426	63893803
427	64043738
428	64193854
429	64343137
430	64492950
431	64643174
432	64792826
433	64942864
434	65093182
435	65243781
436	65393912
437	65543646
438	65693863
439	65843557
440	65993679
441	66143542
442	66293568
443	66443416
444	66593408
445	66742598
446	66892281
447	67042281
448	67192093
449	67342011
450	67492183
451	67642073
452	67791755
453	67942055
454	68092761
455	68242328
456	68392418
457	68542190
458	68691774
459	68841901
460	68991996
461	69141642
462	69291576
463	69441662
464	69591940
465	69742406
466	69892036
467	70042475
468	70193361
469	70343899
470	70494134
471	70643940
472	70793917
473	70944443
474	71094346
475	71244434
476	71394200
477	71543774
478	71693351
479	71843127
480	71993528
481	72143531
482	72293800
483	72443517
484	72593198
485	72742925
486	72893662
487	73043706
488	73194556
489	73344686
490	73494637
491	73644882
492	73794524
493	73944652
494	74094633
495	74244744
496	74395208
497	74545435
498	74695996
499	74845459
500	74996279
501	75145763
502	75295194
503	75445310
504	75595877
505	75745887
506	75895785
507	76045544
508	76195241
509	76345367
510	76495046
511	76644406
512	76793705
513	76943606
514	77094098
515	77244513
516	77394718
517	77545262
518	77695060
519	77845500
520	77995854
521	78145909
522	78296351
523	78447034
524	78596889
525	78746847
526	78896576
527	79046735
528	79196021
529	79346145
530	79495917
531	79645810
532	79796173
533	79946855
534	80096223
535	80246895
536	80396778
537	80546814
538	80697048
539	80846858
540	80996420
541	81146586
542	81296205
543	81445693
544	81595369
545	81745972
546	81895810
547	82045355
548	82195189
549	82344661
550	82494377
551	82644517
552	82794380
553	82944467
554	83094222
555	83243997
556	83393882
557	83543886
558	83693714
559	83844693
560	83994612
561	84144748
562	84295176
563	84444987
564	84595304
565	84745648
566	84895721
567	85045222
568	85194938
569	85344826
570	85494287
571	85644527
572	85794862
573	85945191
574	86094820
575	86244983
576	86395120
577	86544392
578	86694508
579	86844656
580	86994772
581	87145438
582	87295294
583	87445083
584	87595158
585	87744624
586	87894786
587	88044442
588	88194895
589	88344946
590	88494806
591	88644296
592	88794603
593	88945259
594	89095185
595	89245031
596	89395165
597	89545210
598	89695390
599	89845685
600	89995199
601	90145219
602	90294764
603	90445339
604	90595709
605	90745226
606	90895356
607	91045510
608	91195684
609	91345446
610	91495538
611	91646225
612	91796549
613	91946574
614	92097071
615	92247437
616	92397613
617	92548222
618	92698665
619	92848591
620	92999457
621	93149395
622	93300079
623	93449965
624	93599212
625	93748899
626	93898834
627	94048956
628	94199552
629	94349224
630	94499789
631	94649618
632	94799391
633	94949266
634	95099844
635	95249134
636	95399085
637	95549495
638	95699416
639	95849358
640	95998852
641	96148799
642	96299184
643	96448883
644	96597799
645	96747853
646	96897543
647	97047655
648	97197649
649	97347759
650	97497770
651	97648273
652	97798043
653	97947653
654	98097787
655	98248110
656	98398322
657	98547763
658	98697518
659	98847260
660	98997454
661	99147032
662	99296352
663	99446150
664	99596440
665	99746691
666	99897044
N = 30 M = 5 DW = 8 CW = 8 PD = 0.0000005 L = 0.15 lambda = 7500.0
0	0
1	225066
2	450336
3	675331
4	900396
5	1125104
6	1350868
7	1576156
8	1800965
9	2026732
10	2252315
11	2477296
12	2703081
13	2928001
14	3154717
15	3379006
16	3604671
17	3829840
18	4055101
19	4280110
20	4505243
21	4729006
22	4954449
23	5179208
24	5403750
25	5628768
26	5854061
27	6078922
28	6304244
29	6529279
30	6754673
31	6979744
32	7205109
33	7430451
34	7655436
35	7879812
36	8104780
37	8329602
38	8554494
39	8779132
40	9004179
41	9229340
42	9454114
43	9679012
44	9903687
45	10127807
46	10352439
47	10577230
48	10801520
49	11025711
50	11250918
51	11476169
52	11701565
53	11926728
54	12152423
55	12377148
56	12602068
57	12826886
58	13052386
59	13277941
60	13503271
61	13727956
62	13953757
63	14178621
64	14403478
65	14628500
66	14853624
67	15077682
68	15302766
69	15527046
70	15751527
71	15976774
72	16201427
73	16426358
74	16651498
75	16876863
76	17102278
77	17327515
78	17551885
79	17776890
80	18001596
81	18226357
82	18450333
83	18675475
84	18901334
85	19126113
86	19351170
87	19575293
88	19800715
89	20024846
90	20250517
91	20475637
92	20701258
93	20925765
94	21150673
95	21375031
96	21600531
97	21826308
98	22050937
99	22276105
100	22501281
101	22726643
102	22951568
103	23176819
104	23401391
105	23626885
106	23852358
107	24078922
108	24303698
109	24529126
110	24754338
111	24979176
112	25203988
113	25429278
114	25654294
115	25879056
116	26104012
117	26329116
118	26553992
119	26778394
120	27003848
121	27229387
122	27454126
123	27678508
124	27902865
125	28128773
126	28353338
127	28579698
128	28804648
129	29029375
130	29254595
131	29479160
132	29704591
133	29930226
134	30154670
135	30379738
136	30605537
137	30830246
138	31054788
139	31279576
140	31504188
141	31729465
142	31954070
143	32178929
144	32404639
145	32629902
146	32854841
147	33080231
148	33305058
149	33529709
150	33755034
151	33979771
152	34204043
153	34428848
154	34652278
155	34876989
156	35101996
157	35326912
158	35551593
159	35776373
160	36000453
161	36225969
162	36451364
163	36676540
164	36901500
165	37126811
166	37352075
167	37577773
168	37802317
169	38027214
170	38252521
171	38477896
172	38702924
173	38927138
174	39152772
175	39377795
176	39602341
177	39827010
178	40052655
179	40277430
180	40503041
181	40728692
182	40953355
183	41177980
184	41403421
185	41627667
186	41851706
187	42076520
188	42301682
189	42527229
190	42752607
191	42978412
192	43203251
193	43427984
194	43652915
195	43878538
196	44104018
197	44329752
198	44554568
199	44778958
200	45003797
201	45228813
202	45454104
203	45679952
204	45904980
205	46130533
206	46356323
207	46581167
208	46806468
209	47032066
210	47257055
211	47481499
212	47706771
213	47931939
214	48157326
215	48382489
216	48607596
217	48832890
218	49058169
219	49282860
220	49508531
221	49732724
222	49958165
223	50183328
224	50408648
225	50633923
226	50858480
227	51083016
228	51307254
229	51532745
230	51757894
231	51983027
232	52208565
233	52432938
234	52657888
235	52882553
236	53107072
237	53332121
238	53557426
239	53782694
240	54008461
241	54233637
242	54458667
243	54683727
244	54907817
245	55132280
246	55357785
247	55582487
248	55807734
249	56033031
250	56258301
251	56484537
252	56710467
253	56935734
254	57160205
255	57384044
256	57609470
257	57834018
258	58059916
259	58284673
260	58509038
261	58734223
262	58959254
263	59184280
264	59408578
265	59633513
266	59858563
267	60084163
268	60309012
269	60534452
270	60759495
271	60983657
272	61210033
273	61434817
274	61659899
275	61885523
276	62110572
277	62334768
278	62559406
279	62784035
280	63009311
281	63234625
282	63459039
283	63684721
284	63908800
285	64133880
286	64358670
287	64584860
288	64809616
289	65035349
290	65260501
291	65485694
292	65709698
293	65934390
294	66159799
295	66384208
296	66609704
297	66834431
298	67059494
299	67284835
300	67509953
301	67734787
302	67959714
303	68185067
304	68409638
305	68635058
306	68859878
307	69084703
308	69309562
309	69534859
310	69760110
311	69985456
312	70210531
313	70435179
314	70659421
315	70884696
316	71110216
317	71334894
318	71559769
319	71784690
320	72009134
321	72233495
322	72458589
323	72683073
324	72907875
325	73133436
326	73358828
327	73583834
328	73807836
329	74032187
330	74257621
331	74482154
332	74707206
333	74932256
334	75157232
335	75381629
336	75607379
337	75832762
338	76057833
339	76282796
340	76507779
341	76732067
342	76957589
343	77182990
344	77408254
345	77634014
346	77859228
347	78085209
348	78310111
349	78535549
350	78760668
351	78985425
352	79211012
353	79435774
354	79661211
355	79885635
356	80110164
357	80335717
358	80560700
359	80785513
360	81011530
361	81235763
362	81461050
363	81685799
364	81911006
365	82136018
366	82359997
367	82584959
368	82809182
369	83033563
370	83258289
371	83483072
372	83707643
373	83932296
374	84157610
375	84382206
376	84607341
377	84832314
378	85056695
379	85281379
380	85506194
381	85730716
382	85955775
383	86180103
384	86405595
385	86630623
386	86855607
387	87080043
388	87304656
389	87530005
390	87755195
391	87980696
392	88205814
393	88430597
394	88656149
395	88881008
396	89106329
397	89331152
398	89556117
399	89780833
400	90006775
401	90231700
402	90455796
403	90680440
404	90905439
405	91130511
406	91355332
407	91580405
408	91805617
409	92031038
410	92256162
411	92481288
412	92707141
413	92932192
414	93156788
415	93381721
416	93606249
417	93830554
418	94054677
419	94280059
420	94505304
421	94730592
422	94955492
423	95180822
424	95405684
425	95630658
426	95855683
427	96080248
428	96305336
429	96530012
430	96755508
431	96980080
432	97204650
433	97429774
434	97654717
435	97879554
436	98104400
437	98329967
438	98554391
439	98779709
440	99004561
441	99229435
442	99454107
443	99678859
444	99903499
N = 30 M = 5 DW = 8 CW = 8 PD = 0.0000005 L = 0.20 lambda = 10000.0
0	0
1	300506
2	600936
3	901483
4	1201151
5	1501338
6	1801823
7	2101654
8	2401616
9	2702158
10	3002415
11	3304325
12	3603765
13	3904883
14	4204419
15	4504735
16	4805375
17	5104926
18	5404686
19	5704763
20	6004768
21	6305257
22	6605078
23	6905077
24	7204636
25	7504483
26	7804256
27	8104220
28	8403970
29	8704271
30	9004875
31	9304886
32	9604639
33	9904697
34	10203819
35	10504480
36	10804408
37	11104033
38	11403981
39	11703483
40	12003084
41	12303203
42	12602017
43	12900964
44	13200085
45	13499499
46	13799561
47	14099420
48	14399869
49	14699537
50	15000596
51	15300377
52	15601169
53	15901590
54	16201255
55	16501759
56	16801943
57	17101697
58	17401788
59	17701967
60	18001323
61	18300563
62	18600352
63	18899621
64	19199699
65	19498892
66	19799762
67	20099998
68	20399829
69	20699450
70	20999867
71	21299878
72	21600361
73	21900479
74	22200748
75	22500016
76	22800492
77	23100511
78	23400531
79	23700631
80	24000008
81	24299613
82	24600215
83	24899895
84	25201593
85	25502302
86	25802097
87	26101888
88	26400986
89	26700269
90	27000678
91	27300785
92	27600379
93	27901336
94	28201838
95	28502450
96	28802422
97	29102196
98	29402014
99	29702302
100	30002705
101	30303606
102	30602921
103	30902319
104	31201811
105	31501612
106	31802010
107	32101403
108	32401983
109	32702116
110	33002563
111	33302123
112	33602655
113	33902495
114	34202607
115	34502932
116	34802498
117	35102680
118	35404421
119	35704033
120	36003576
121	36303725
122	36603080
123	36902865
124	37202621
125	37502361
126	37802184
127	38102435
128	38403087
129	38703483
130	39003430
131	39302992
132	39602782
133	39901746
134	40201731
135	40502110
136	40802228
137	41101364
138	41401003
139	41701634
140	42002760
141	42303655
142	42603216
143	42903191
144	43202303
145	43502511
146	43802193
147	44101303
148	44401665
149	44702432
150	45002999
151	45302359
152	45602182
153	45901469
154	46200643
155	46501114
156	46801141
157	47101152
158	47402081
159	47701901
160	48002566
161	48303009
162	48603059
163	48902679
164	49202048
165	49501659
166	49801951
167	50101635
168	50401648
169	50701588
170	51002461
171	51302417
172	51602418
173	51902253
174	52202345
175	52502198
176	52802113
177	53102283
178	53402013
179	53701451
180	54000825
181	54301065
182	54600888
183	54901078
184	55201455
185	55500870
186	55800541
187	56100433
188	56401055
189	56701140
190	57001462
191	57301556
192	57601931
193	57902116
194	58202530
195	58502481
196	58802265
197	59102498
198	59401866
199	59703097
200	60003252
201	60302727
202	60602611
203	60902144
204	61202642
205	61502658
206	61802654
207	62102536
208	62403566
209	62704650
210	63004029
211	63303964
212	63602889
213	63902360
214	64201669
215	64502202
216	64801430
217	65100924
218	65400836
219	65700453
220	66000520
221	66300551
222	66601770
223	66901429
224	67202114
225	67502388
226	67802805
227	68103039
228	68403037
229	68702688
230	69001801
231	69301478
232	69600760
233	69901415
234	70202131
235	70502140
236	70801928
237	71102604
238	71402735
239	71701510
240	72000537
241	72299651
242	72599956
243	72898578
244	73197541
245	73497391
246	73796504
247	74096481
248	74396646
249	74696836
250	74996847
251	75296726
252	75597502
253	75897812
254	76198097
255	76498293
256	76797952
257	77097231
258	77395891
259	77696349
260	77995660
261	78295377
262	78594572
263	78894441
264	79195342
265	79496173
266	79796867
267	80097043
268	80396490
269	80697095
270	80998177
271	81298619
272	81598828
273	81898201
274	82198085
275	82498605
276	82798438
277	83099004
278	83398970
279	83698348
280	83999380
281	84300165
282	84600182
283	84900646
284	85200527
285	85499668
286	85799361
287	86100221
288	86399676
289	86700810
290	87001767
291	87301237
292	87600925
293	87900812
294	88199611
295	88498695
296	88798512
297	89099447
298	89399668
299	89699803
300	90000043
301	90300462
302	90599981
303	90899296
304	91200105
305	91500030
306	91799774
307	92100070
308	92399688
309	92699841
310	92999584
311	93300243
312	93599898
313	93899927
314	94199870
315	94500522
316	94800354
317	95100048
318	95399502
319	95699502
320	96000535
321	96300614
322	96600894
323	96900707
324	97200069
325	97499629
326	97798152
327	98097942
328	98397013
329	98696383
330	98996329
331	99296817
332	99596181
333	99896555
N = 30 M = 5 DW = 8 CW = 8 PD = 0.0000005 L = 0.25 lambda = 12500.0
0	0
1	375133
2	750236
3	1125189
4	1499753
5	1874322
6	2249063
7	2623926
8	2997754
9	3372942
10	3747540
11	4122972
12	4498847
13	4873872
14	5248899
15	5624274
16	5999194
17	6374603
18	6749627
19	7124970
20	7499542
21	7874375
22	8248799
23	8623393
24	8998859
25	9374353
26	9749679
27	10124236
28	10498840
29	10873037
30	11248217
31	11623136
32	11998027
33	12372946
34	12747447
35	13122908
36	13496474
37	13871055
38	14246304
39	14620753
40	14994360
41	15369127
42	15744093
43	16118454
44	16492841
45	16868631
46	17243949
47	17618861
48	17993150
49	18368191
50	18743290
51	19117750
52	19493136
53	19868433
54	20243693
55	20618612
56	20993783
57	21369127
58	21743970
59	22117396
60	22492363
61	22867021
62	23242942
63	23617983
64	23992056
65	24366715
66	24741715
67	25117177
68	25492181
69	25867781
70	26241215
71	26615589
72	26990691
73	27365771
74	27740437
75	28115607
76	28491499
77	28866499
78	29240652
79	29615799
80	29990907
81	30366928
82	30741616
83	31116982
84	31491333
85	31864878
86	32239913
87	32615037
88	32989909
89	33364776
90	33739782
91	34114262
92	34489362
93	34864259
94	35239376
95	35614057
96	35988988
97	36363330
98	36738531
99	37112409
100	37487964
101	37863842
102	38239236
103	38614089
104	38989079
105	39364399
106	39738683
107	40115210
108	40490399
109	40866009
110	41241056
111	41614857
112	41990540
113	42365503
114	42739834
115	43114513
116	43488731
117	43863064
118	44236882
119	44612750
120	44987622
121	45362515
122	45736572
123	46112290
124	46487347
125	46862589
126	47237144
127	47612129
128	47987805
129	48363396
130	48738688
131	49113365
132	49488876
133	49863033
134	50238054
135	50613267
136	50986865
137	51361508
138	51736828
139	52111415
140	52486554
141	52860679
142	53235329
143	53609701
144	53985229
145	54360374
146	54735518
147	55110720
148	55485179
149	55860439
150	56236820
151	56612313
152	56987207
153	57361821
154	57735001
155	58110439
156	58486079
157	58860918
158	59235822
159	59610437
160	59986040
161	60361170
162	60735330
163	61110702
164	61485552
165	61860894
166	62235685
167	62611276
168	62986850
169	63361017
170	63734978
171	64109172
172	64484769
173	64859167
174	65233586
175	65608228
176	65983206
177	66357951
178	66733201
179	67109021
180	67484246
181	67859863
182	68235656
183	68610986
184	68986211
185	69361554
186	69736788
187	70111414
188	70485797
189	70859856
190	71235180
191	71610390
192	71986681
193	72361123
194	72737037
195	73111648
196	73486431
197	73861046
198	74236399
199	74611798
200	74986571
201	75361680
202	75735941
203	76110770
204	76485933
205	76860871
206	77235251
207	77610225
208	77985200
209	78359557
210	78733894
211	79110108
212	79485112
213	79860579
214	80235374
215	80609887
216	80983907
217	81359184
218	81733838
219	82109013
220	82483355
221	82857393
222	83232460
223	83606575
224	83982071
225	84357502
226	84732183
227	85106363
228	85480894
229	85854918
230	86230833
231	86605150
232	86979707
233	87355115
234	87730377
235	88106173
236	88481460
237	88855599
238	89230915
239	89606295
240	89980085
241	90354830
242	90731315
243	91105758
244	91480737
245	91856231
246	92230394
247	92605372
248	92979708
249	93354734
250	93729914
251	94104699
252	94480308
253	94854538
254	95229018
255	95604085
256	95978554
257	96353497
258	96728696
259	97103053
260	97478626
261	97853794
262	98229553
263	98604067
264	98979378
265	99354334
266	99728562
N = 30 M = 5 DW = 8 CW = 8 PD = 0.0000005 L = 0.30 lambda = 15000.0
0	0
1	450307
2	899238
3	1349772
4	1800676
5	2250251
6	2699505
7	3148528
8	3598062
9	4048907
10	4499686
11	4949379
12	5398935
13	5849866
14	6299969
15	6750195
16	7199963
17	7649902
18	8100250
19	8551126
20	9000435
21	9450730
22	9899942
23	10349715
24	10799312
25	11249050
26	11699144
27	12150312
28	12601027
29	13050490
30	13500183
31	13949957
32	14400332
33	14850645
34	15301358
35	15751439
36	16200983
37	16651240
38	17101131
39	17551437
40	18001526
41	18452899
42	18902789
43	19353752
44	19805363
45	20255496
46	20705709
47	21155447
48	21606059
49	22056550
50	22506902
51	22956936
52	23406633
53	23856093
54	24306331
55	24756965
56	25206815
57	25656622
58	26107270
59	26557465
60	27007656
61	27457276
62	27907442
63	28356871
64	28808004
65	29257677
66	29707674
67	30156994
68	30606636
69	31057006
70	31507039
71	31956769
72	32406829
73	32856032
74	33306132
75	33756319
76	34208324
77	34658569
78	35109383
79	35558809
80	36008721
81	36458925
82	36909178
83	37359538
84	37810945
85	38261006
86	38711181
87	39161827
88	39611345
89	40061218
90	40509891
91	40958828
92	41408906
93	41860398
94	42309948
95	42759825
96	43210919
97	43661451
98	44111040
99	44560604
100	45010813
101	45460367
102	45910548
103	46360762
104	46811735
105	47262602
106	47713188
107	48163848
108	48612624
109	49062691
110	49512463
111	49962452
112	50411643
113	50862856
114	51311981
115	51762822
116	52211847
117	52661732
118	53111478
119	53560793
120	54010367
121	54460182
122	54910543
123	55359780
124	55810660
125	56261122
126	56710708
127	57159265
128	57608960
129	58058348
130	58507863
131	58957498
132	59407277
133	59857574
134	60307633
135	60756423
136	61206401
137	61656449
138	62107044
139	62556603
140	63007570
141	63458205
142	63907095
143	64357204
144	64807343
145	65257412
146	65708121
147	66157895
148	66608526
149	67059366
150	67509599
151	67959782
152	68409747
153	68859626
154	69310579
155	69761656
156	70211433
157	70661314
158	71110787
159	71560578
160	72011028
161	72462152
162	72912007
163	73361029
164	73810232
165	74260730
166	74710448
167	75160095
168	75610080
169	76060315
170	76510758
171	76961459
172	77411524
173	77861524
174	78311576
175	78761540
176	79212486
177	79662104
178	80111345
179	80561328
180	81011460
181	81461783
182	81912172
183	82361976
184	82812200
185	83262072
186	83712883
187	84162814
188	84612808
189	85062863
190	85512885
191	85962340
192	86411862
193	86861275
194	87310720
195	87762532
196	88211945
197	88661906
198	89111943
199	89561465
200	90011054
201	90460901
202	90910796
203	91360518
204	91810476
205	92259625
206	92709923
207	93160322
208	93611127
209	94060922
210	94510989
211	94961478
212	95411348
213	95861188
214	96311097
215	96761000
216	97210570
217	97660488
218	98110252
219	98561146
220	99011113
221	99461262
222	99911117
N = 30 M = 5 DW = 8 CW = 8 PD = 0.0000005 L = 0.35 lambda = 17500.0
0	0
1	524227
2	1049893
3	1573931
4	2098410
5	2623629
6	3147092
7	3672327
8	4197779
9	4722507
10	5246368
11	5770389
12	6295954
13	6820984
14	7345691
15	7871640
16	8396996
17	8922191
18	9446806
19	9970822
20	10495346
21	11021049
22	11547051
23	12071813
24	12596785
25	13122663
26	13647476
27	14172760
28	14696895
29	15222575
30	15746450
31	16270657
32	16795236
33	17320788
34	17845326
35	18370177
36	18895446
37	19421875
38	19946602
39	20472227
40	20996768
41	21522189
42	22046505
43	22570991
44	23095145
45	23620290
46	24146062
47	24671759
48	25196130
49	25720660
50	26245300
51	26769773
52	27294142
53	27818545
54	28343089
55	28869046
56	29393461
57	29917965
58	30443211
59	30969344
60	31492826
61	32018097
62	32543093
63	33068084
64	33590866
65	34115084
66	34640401
67	35164932
68	35689585
69	36213417
70	36738122
71	37263609
72	37787708
73	38312713
74	38837727
75	39363858
76	39888422
77	40414000
78	40938087
79	41462900
80	41988035
81	42513019
82	43038727
83	43563920
84	44088704
85	44613571
86	45136485
87	45661772
88	46186886
89	46711336
90	47237303
91	47763107
92	48285817
93	48809619
94	49334989
95	49860398
96	50385319
97	50909606
98	51432332
99	51957945
100	52483021
101	53007969
102	53532567
103	54057147
104	54582363
105	55108682
106	55634541
107	56160265
108	56685040
109	57208103
110	57732491
111	58258029
112	58782999
113	59307361
114	59831534
115	60356462
116	60882160
117	61407398
118	61933000
119	62456961
120	62983017
121	63508176
122	64033635
123	64557326
124	65081768
125	65606650
126	66131194
127	66656419
128	67180507
129	67705524
130	68232027
131	68757763
132	69283412
133	69807471
134	70332167
135	70858611
136	71384438
137	71909956
138	72435132
139	72960468
140	73485051
141	74010675
142	74536110
143	75061372
144	75586520
145	76111915
146	76635252
147	77159182
148	77683946
149	78209216
150	78735008
151	79260408
152	79786044
153	80312192
154	80836243
155	81362285
156	81886904
157	82411465
158	82937397
159	83462397
160	83987097
161	84511119
162	85036214
163	85559890
164	86085020
165	86609446
166	87135394
167	87660114
168	88185364
169	88708859
170	89234267
171	89759627
172	90284080
173	90808925
174	91333461
175	91859159
176	92383252
177	92907802
178	93434142
179	93959407
180	94484388
181	95009383
182	95533820
183	96058216
184	96583631
185	97107796
186	97633466
187	98159419
188	98682850
189	99207560
190	99732011
N = 30 M = 5 DW = 8 CW = 8 PD = 0.0000005 L = 0.40 lambda = 20000.0
0	0
1	599231
2	1199223
3	1799117
4	2400378
5	3001580
6	3601732
7	4201302
8	4800741
9	5398995
10	5999885
11	6601488
12	7202253
13	7802952
14	8402474
15	9003714
16	9604709
17	10205108
18	10806134
19	11408246
20	12007699
21	12607092
22	13205871
23	13805530
24	14405626
25	15007552
26	15607826
27	16207456
28	16807200
29	17407617
30	18007560
31	18607596
32	19208629
33	19808020
34	20408646
35	21007457
36	21608535
37	22208543
38	22809254
39	23409358
40	24009217
41	24609720
42	25208570
43	25808015
44	26406905
45	27006800
46	27606911
47	28207603
48	28806470
49	29406636
50	30006342
51	30605349
52	31204134
53	31803733
54	32404532
55	33005549
56	33603638
57	34203444
58	34803321
59	35402942
60	36003949
61	36602080
62	37202592
63	37801474
64	38399918
65	38999757
66	39601068
67	40202100
68	40802561
69	41402483
70	42002174
71	42601491
72	43200942
73	43800860
74	44401659
75	45002059
76	45602046
77	46202507
78	46802902
79	47402933
80	48003616
81	48603564
82	49203652
83	49804603
84	50404203
85	51004320
86	51604353
87	52204636
88	52805614
89	53406146
90	54006194
91	54606742
92	55207056
93	55806222
94	56406090
95	57007104
96	57607522
97	58206053
98	58806846
99	59405974
100	60004997
101	60604010
102	61204285
103	61804399
104	62404574
105	63004982
106	63604769
107	64204203
108	64803512
109	65402643
110	66002881
111	66601979
112	67201351
113	67801137
114	68400881
115	69001958
116	69602005
117	70201996
118	70801586
119	71401090
120	72002218
121	72603276
122	73203290
123	73803385
124	74402012
125	75002852
126	75602608
127	76202089
128	76801023
129	77399952
130	77999749
131	78599993
132	79199551
133	79799435
134	80399546
135	80998856
136	81598117
137	82197385
138	82796486
139	83397525
140	83996759
141	84597208
142	85197821
143	85798431
144	86398534
145	86998571
146	87599128
147	88201389
148	88800877
149	89400710
150	90001843
151	90603309
152	91203435
153	91802501
154	92404046
155	93001335
156	93600940
157	94200217
158	94801063
159	95401342
160	96001995
161	96601984
162	97201862
163	97800053
164	98400123
165	98999733
166	99599396
N = 30 M = 5 DW = 8 CW = 8 PD = 0.0000005 L = 0.45 lambda = 22500.0
0	0
1	674784
2	1350736
3	2026221
4	2701477
5	3375708
6	4051677
7	4726342
8	5402616
9	6078600
10	6753826
11	7428793
12	8103929
13	8777734
14	9453342
15	10128562
16	10803659
17	11477486
18	12151475
19	12826184
20	13502642
21	14176451
22	14852010
23	15527202
24	16204295
25	16878070
26	17553978
27	18227235
28	18902004
29	19577367
30	20253175
31	20929577
32	21604439
33	22278285
34	22954110
35	23628433
36	24303700
37	24977403
38	25653307
39	26328204
40	27002105
41	27677156
42	28351683
43	29027038
44	29703110
45	30376975
46	31053180
47	31728420
48	32403787
49	33079502
50	33756113
51	34431315
52	35106007
53	35782923
54	36458189
55	37133373
56	37808520
57	38484576
58	39160057
59	39835485
60	40509596
61	41184492
62	41858002
63	42534174
64	43209610
65	43884805
66	44560005
67	45234559
68	45909794
69	46584263
70	47258973
71	47933505
72	48608809
73	49284725
74	49959952
75	50635441
76	51310813
77	51985476
78	52660185
79	53335696
80	54011514
81	54687197
82	55361774
83	56036633
84	56711290
85	57386449
86	58060605
87	58735177
88	59410029
89	60085571
90	60760875
91	61435869
92	62111122
93	62786900
94	63461007
95	64135123
96	64809587
97	65484474
98	66161154
99	66836570
100	67512228
101	68187334
102	68861838
103	69536508
104	70212313
105	70887030
106	71562224
107	72237612
108	72912570
109	73588368
110	74263935
111	74938645
112	75613731
113	76287329
114	76961447
115	77635851
116	78310600
117	78985576
118	79661189
119	80337011
120	81012831
121	81686729
122	82361290
123	83035672
124	83710295
125	84385148
126	85060279
127	85734303
128	86409008
129	87083199
130	87757838
131	88433656
132	89109190
133	89784361
134	90458731
135	91133482
136	91808254
137	92483462
138	93157314
139	93832420
140	94507607
141	95182429
142	95857884
143	96531826
144	97207210
145	97880803
146	98554928
147	99229343
148	99905524
N = 30 M = 5 DW = 8 CW = 8 PD = 0.0000005 L = 0.50 lambda = 25000.0
0	0
1	750668
2	1501025
3	2250079
4	2999983
5	3748884
6	4498563
7	5249065
8	5998623
9	6748175
10	7496929
11	8246319
12	8995313
13	9747606
14	10498560
15	11249199
16	12000065
17	12749578
18	13499658
19	14248272
20	14996004
21	15747094
22	16496602
23	17245524
24	17995744
25	18745118
26	19496300
27	20246225
28	20995780
29	21745925
30	22495479
31	23246203
32	23996678
33	24746474
34	25497079
35	26247062
36	26997521
37	27747085
38	28497527
39	29248923
40	29997774
41	30749080
42	31499322
43	32250021
44	32999610
45	33749806
46	34499369
47	35247912
48	35998173
49	36747763
50	37497596
51	38248108
52	38998666
53	39748238
54	40498066
55	41249634
56	42001061
57	42750660
58	43499750
59	44248907
60	44999373
61	45750333
62	46500155
63	47250078
64	47999110
65	48750073
66	49500743
67	50251985
68	51001220
69	51751971
70	52502598
71	53253285
72	54003137
73	54753592
74	55503701
75	56253971
76	57004400
77	57755401
78	58506560
79	59257674
80	60008022
81	60758602
82	61507978
83	62258226
84	63008824
85	63757780
86	64508494
87	65257718
88	66007958
89	66759849
90	67510522
91	68260734
92	69010907
93	69760835
94	70510343
95	71259248
96	72007687
97	72757371
98	73508479
99	74257590
100	75008510
101	75757401
102	76507872
103	77258741
104	78010327
105	78759759
106	79509735
107	80260843
108	81011126
109	81760559
110	82510903
111	83261059
112	84011973
113	84762859
114	85513289
115	86262740
116	87013269
117	87762546
118	88513830
119	89263299
120	90012691
121	90762175
122	91510879
123	92259551
124	93009501
125	93759065
126	94509868
127	95259166
128	96008444
129	96758222
130	97507115
131	98256506
132	99005482
133	99755353
N = 30 M = 5 DW = 8 CW = 8 PD = 0.0000005 L = 0.55 lambda = 27500.000000000004
0	0
1	824860
2	1651758
3	2476208
4	3300370
5	4125118
6	4949535
7	5776248
8	6601532
9	7426112
10	8252061
11	9077000
12	9900469
13	10726057
14	11550991
15	12376848
16	13202266
17	14026783
18	14852817
19	15678140
20	16503100
21	17327438
22	18151577
23	18976223
24	19802201
25	20627315
26	21452827
27	22275721
28	23100440
29	23927167
30	24752171
31	25576909
32	26401610
33	27225997
34	28050847
35	28876414
36	29700967
37	30524829
38	31351288
39	32175995
40	33001402
41	33826828
42	34652228
43	35475641
44	36301449
45	37126003
46	37951462
47	38775984
48	39601242
49	40427120
50	41252203
51	42077021
52	42900952
53	43724752
54	44549911
55	45373820
56	46198018
57	47023194
58	47847515
59	48675887
60	49501590
61	50323974
62	51150138
63	51976365
64	52802085
65	53626029
66	54452415
67	55276672
68	56101274
69	56925900
70	57750755
71	58575813
72	59401242
73	60225847
74	61050144
75	61875292
76	62699491
77	63523352
78	64347624
79	65173436
80	65997656
81	66822330
82	67648094
83	68473178
84	69298216
85	70123830
86	70949413
87	71775127
88	72598682
89	73424552
90	74250682
91	75075348
92	75898379
93	76721601
94	77547524
95	78372383
96	79197949
97	80021847
98	80846332
99	81671643
100	82497374
101	83322654
102	84148264
103	84973467
104	85798772
105	86623152
106	87448959
107	88274445
108	89100382
109	89925034
110	90749540
111	91576128
112	92401957
113	93226437
114	94051938
115	94876626
116	95701684
117	96526116
118	97352912
119	98177561
120	99004476
121	99828740
N = 30 M = 5 DW = 8 CW = 8 PD = 0.0000005 L = 0.60 lambda = 30000.0
0	0
1	900895
2	1800494
3	2699436
4	3600219
5	4501910
6	5402620
7	6303744
8	7203400
9	8102698
10	9002129
11	9900831
12	10801437
13	11701391
14	12601960
15	13502144
16	14401937
17	15302700
18	16203308
19	17103599
20	18002117
21	18901049
22	19800012
23	20700570
24	21601173
25	22501001
26	23400734
27	24301359
28	25201957
29	26102021
30	27001958
31	27901736
32	28800471
33	29700264
34	30600994
35	31501730
36	32402232
37	33302883
38	34200963
39	35101154
40	36001478
41	36901021
42	37800737
43	38700241
44	39599711
45	40498724
46	41399836
47	42300077
48	43199027
49	44097941
50	44996095
51	45895985
52	46796160
53	47693735
54	48594683
55	49495155
56	50394691
57	51294675
58	52194173
59	53094301
60	53994407
61	54893768
62	55793972
63	56693826
64	57594047
65	58495607
66	59393973
67	60294490
68	61194679
69	62094117
70	62993750
71	63893973
72	64793756
73	65693844
74	66591797
75	67492719
76	68394352
77	69293501
78	70194068
79	71093929
80	71994082
81	72895657
82	73792983
83	74693391
84	75593072
85	76491606
86	77391262
87	78290553
88	79190004
89	80089060
90	80988239
91	81886923
92	82785346
93	83685771
94	84587509
95	85486833
96	86386510
97	87285215
98	88185840
99	89084260
100	89984396
101	90883805
102	91782384
103	92680815
104	93579115
105	94479448
106	95379524
107	96278468
108	97177036
109	98078494
110	98978932
111	99878025
N = 30 M = 5 DW = 8 CW = 8 PD = 0.0000005 L = 0.65 lambda = 32500.0
0	0
1	974161
2	1949065
3	2925143
4	3898671
5	4871902
6	5847175
7	6822791
8	7798657
9	8773818
10	9750210
11	10724643
12	11699965
13	12674457
14	13650006
15	14624585
16	15599999
17	16574920
18	17549952
19	18525041
20	19500329
21	20475675
22	21449308
23	22425324
24	23403365
25	24378392
26	25354416
27	26328689
28	27303092
29	28277959
30	29252263
31	30225740
32	31201224
33	32176130
34	33150333
35	34125460
36	35099980
37	36075959
38	37052912
39	38028830
40	39003617
41	39979132
42	40953892
43	41929431
44	42905022
45	43881798
46	44856063
47	45831097
48	46806314
49	47779599
50	48753460
51	49728907
52	50703903
53	51678322
54	52652769
55	53627719
56	54602998
57	55577486
58	56553379
59	57527472
60	58503696
61	59479362
62	60454809
63	61432984
64	62409734
65	63385055
66	64359314
67	65335322
68	66309403
69	67283448
70	68260437
71	69234456
72	70211372
73	71185879
74	72161226
75	73135374
76	74112341
77	75087758
78	76063532
79	77037585
80	78014558
81	78988608
82	79962238
83	80936168
84	81911473
85	82886088
86	83861900
87	84836581
88	85811400
89	86786764
90	87760176
91	88734385
92	89709482
93	90684368
94	91659535
95	92634124
96	93606748
97	94582038
98	95555791
99	96529377
100	97503305
101	98478106
102	99451973
N = 30 M = 5 DW = 8 CW = 8 PD = 0.0000005 L = 0.70 lambda = 35000.0
0	0
1	1051049
2	2101462
3	3152565
4	4202123
5	5253495
6	6305202
7	7354971
8	8405885
9	9457513
10	10509603
11	11559590
12	12610726
13	13663491
14	14714388
15	15764089
16	16812503
17	17862676
18	18911954
19	19963419
20	21012849
21	22061191
22	23112161
23	24161917
24	25211106
25	26260193
26	27309836
27	28358533
28	29408749
29	30459606
30	31511323
31	32562526
32	33613076
33	34663669
34	35715028
35	36764549
36	37813633
37	38863548
38	39913897
39	40963553
40	42012302
41	43062782
42	44113005
43	45162618
44	46211049
45	47262341
46	48312121
47	49361940
48	50412907
49	51461442
50	52511360
51	53562502
52	54611948
53	55660749
54	56711275
55	57761088
56	58809597
57	59860072
58	60910609
59	61962366
60	63012504
61	64063641
62	65114982
63	66163794
64	67212429
65	68263387
66	69312867
67	70365240
68	71416357
69	72466283
70	73517453
71	74567039
72	75614716
73	76664661
74	77713929
75	78765593
76	79814435
77	80864791
78	81916792
79	82966599
80	84016670
81	85065611
82	86116549
83	87166943
84	88216366
85	89267290
86	90318520
87	91367636
88	92417500
89	93467248
90	94517807
91	95568176
92	96618568
93	97666358
94	98716268
95	99767265
N = 30 M = 5 DW = 8 CW = 8 PD = 0.0000005 L = 0.75 lambda = 37500.0
0	0
1	1125126
2	2252182
3	3376262
4	4502089
5	5625846
6	6750623
7	7874138
8	8999493
9	10125883
10	11252245
11	12376804
12	13501511
13	14629003
14	15751059
15	16875023
16	18001015
17	19125803
18	20249950
19	21373893
20	22498338
21	23624171
22	24749340
23	25874623
24	26999066
25	28124699
26	29250468
27	30374835
28	31499925
29	32624473
30	33749071
31	34872943
32	35997306
33	37120959
34	38245473
35	39368571
36	40494466
37	41619344
38	42742982
39	43868107
40	44994347
41	46118299
42	47242907
43	48370475
44	49496365
45	50620136
46	51744513
47	52869423
48	53992777
49	55118813
50	56243605
51	57369053
52	58495633
53	59619638
54	60743586
55	61866432
56	62992135
57	64116814
58	65242288
59	66365688
60	67490209
61	68614391
62	69739617
63	70863958
64	71990956
65	73117362
66	74240537
67	75365965
68	76489956
69	77614806
70	78741749
71	79866376
72	80992215
73	82117660
74	83243857
75	84368446
76	85494519
77	86620883
78	87746018
79	88870542
80	89997076
81	91121406
82	92247363
83	93372370
84	94496802
85	95623024
86	96746255
87	97871047
88	98998366
N = 30 M = 5 DW = 8 CW = 8 PD = 0.0000005 L = 0.80 lambda = 40000.0
0	0
1	1198234
2	2400598
3	3601339
4	4800087
5	6000232
6	7198303
7	8396605
8	9596962
9	10796004
10	11993130
11	13192324
12	14392764
13	15592101
14	16793440
15	17993986
16	19195095
17	20397154
18	21596409
19	22795464
20	23995029
21	25196528
22	26394779
23	27594224
24	28793776
25	29992492
26	31193957
27	32394947
28	33594864
29	34794280
30	35993429
31	37192144
32	38392745
33	39592011
34	40793020
35	41992824
36	43192413
37	44391943
38	45591529
39	46793219
40	47992600
41	49193385
42	50393235
43	51592474
44	52790881
45	53990050
46	55187528
47	56389713
48	57588855
49	58788851
50	59989513
51	61190430
52	62390241
53	63591897
54	64792513
55	65992973
56	67191019
57	68389352
58	69589365
59	70790092
60	71989146
61	73188341
62	74388528
63	75589117
64	76790472
65	77989778
66	79189786
67	80388515
68	81585253
69	82784388
70	83985492
71	85186144
72	86385852
73	87585002
74	88784721
75	89983140
76	91184462
77	92384085
78	93583411
79	94782818
80	95980280
81	97180008
82	98378907
83	99580426
N = 30 M = 5 DW = 8 CW = 8 PD = 0.0000005 L = 0.85 lambda = 42500.0
0	0
1	1275383
2	2552489
3	3827256
4	5102171
5	6378924
6	7653040
7	8927292
8	10202593
9	11478056
10	12753451
11	14028456
12	15301628
13	16575653
14	17850032
15	19125445
16	20400390
17	21675000
18	22948516
19	24223377
20	25498032
21	26774817
22	28048422
23	29322705
24	30599527
25	31873661
26	33147502
27	34423609
28	35697264
29	36970232
30	38242813
31	39516675
32	40793631
33	42067791
34	43342562
35	44616991
36	45890967
37	47166158
38	48441706
39	49717099
40	50990366
41	52265337
42	53540315
43	54813193
44	56087700
45	57362463
46	58635844
47	59910518
48	61185725
49	62461279
50	63737193
51	65011685
52	66284755
53	67560047
54	68836410
55	70111664
56	71386401
57	72661920
58	73937311
59	75213076
60	76487784
61	77762387
62	79037295
63	80312524
64	81587328
65	82863637
66	84138337
67	85415612
68	86688751
69	87962512
70	89237932
71	90513927
72	91788579
73	93062556
74	94338349
75	95614693
76	96890737
77	98165871
78	99440631
N = 30 M = 5 DW = 8 CW = 8 PD = 0.0000005 L = 0.90 lambda = 45000.0
0	0
1	1349276
2	2698523
3	4049130
4	5398067
5	6749264
6	8099151
7	9446974
8	10798102
9	12147287
10	13496060
11	14845810
12	16196689
13	17547485
14	18897565
15	20248225
16	21597354
17	22945388
18	24294576
19	25643474
20	26993290
21	28342448
22	29692973
23	31043111
24	32394447
25	33742912
26	35095234
27	36443595
28	37791527
29	39144174
30	40492391
31	41842890
32	43192027
33	44541342
34	45890393
35	47240317
36	48590694
37	49939443
38	51288845
39	52638485
40	53989840
41	55339588
42	56688863
43	58038638
44	59386638
45	60736922
46	62086915
47	63436251
48	64784822
49	66133568
50	67484982
51	68834653
52	70184359
53	71535002
54	72887141
55	74238261
56	75588128
57	76939872
58	78289315
59	79639147
60	80990465
61	82340793
62	83689244
63	85040372
64	86389711
65	87739798
66	89089848
67	90440248
68	91790380
69	93140746
70	94492599
71	95842678
72	97196046
73	98545250
74	99894956
N = 30 M = 5 DW = 8 CW = 8 PD = 0.0000005 L = 0.95 lambda = 47500.0
0	0
1	1423693
2	2849236
3	4274604
4	5698239
5	7121277
6	8544722
7	9968408
8	11393825
9	12819152
10	14243403
11	15669168
12	17096074
13	18521452
14	19945018
15	21371418
16	22796721
17	24220820
18	25645274
19	27070595
20	28496027
21	29921776
22	31348153
23	32771389
24	34198199
25	35620954
26	37045453
27	38472616
28	39897438
29	41321049
30	42747763
31	44173432
32	45597886
33	47020846
34	48444058
35	49869695
36	51293638
37	52717288
38	54141005
39	55565206
40	56989335
41	58414425
42	59841118
43	61265107
44	62691912
45	64119274
46	65543529
47	66970108
48	68394783
49	69820506
50	71244454
51	72670305
52	74093588
53	75518305
54	76943763
55	78368172
56	79792620
57	81219362
58	82645198
59	84068679
60	85492066
61	86918384
62	88344254
63	89769508
64	91195464
65	92620362
66	94045566
67	95471695
68	96896884
69	98321227
70	99748187
N = 30 M = 5 DW = 8 CW = 8 PD = 0.0000005 L = 1.00 lambda = 50000.0
0	0
1	1501057
2	3001189
3	4502865
4	6003845
N = 30 M = 5 DW = 8 CW = 8 PD = 0.0000005 L = 0.96 lambda = 48000.0
0	0
1	1439645
2	2878911
3	4319680
4	5760292
5	7202060
6	8642415
7	10082908
8	11522739
9	12962335
10	14400397
11	15841315
12	17281754
13	18721769
14	20162539
15	21601892
16	23040863
17	24479367
18	25920013
19	27361085
20	28801914
21	30241187
22	31680387
23	33119518
24	34560826
25	36000418
26	37441997
27	38880940
28	40320768
29	41760224
30	43201188
31	44641141
32	46079928
33	47522009
34	48959390
35	50400207
36	51841980
37	53282363
38	54720655
39	56163817
40	57602977
41	59042562
42	60484647
43	61925210
44	63364970
45	64805263
46	66242471
47	67682832
48	69122702
49	70561937
50	72001489
51	73441149
52	74880243
53	76319506
54	77759870
55	79198094
56	80637156
57	82076686
58	83516597
59	84956509
60	86395863
61	87834669
62	89277488
63	90717661
64	92155348
65	93595395
66	95035416
67	96477048
68	97916846
69	99356012
N = 30 M = 5 DW = 8 CW = 8 PD = 0.0000005 L = 0.97 lambda = 48500.0
0	0
1	1455498
2	2911063
3	4364073
4	5818373
5	7270987
6	8727057
7	10181145
8	11636778
9	13091967
10	14547331
11	16003682
12	17460498
13	18915260
14	20369460
15	21823350
16	23277508
17	24732264
18	26185562
19	27641748
20	29095850
21	30552326
22	32007498
23	33461008
24	34915352
25	36370488
26	37824472
27	39279072
28	40733647
29	42191103
30	43645765
31	45099949
32	46553637
33	48010799
34	49466221
35	50922565
36	52377681
37	53833446
38	55286953
39	56742448
40	58195504
41	59650417
42	61104953
43	62559559
44	64017025
45	65471997
46	66926522
47	68381702
48	69836460
49	71291222
50	72746721
51	74203026
52	75657477
53	77113863
54	78569283
55	80024071
56	81478896
57	82934895
58	84387783
59	85846642
60	87300848
61	88756541
62	90211794
63	91666004
64	93121275
65	94576526
66	96030023
67	97483320
68	98937746
N = 30 M = 5 DW = 8 CW = 8 PD = 0.0000005 L = 0.98 lambda = 49000.0
0	0
1	1466907
2	2935004
3	4406280
4	5876195
5	7347745
6	8817117
7	10287925
8	11757106
9	13226980
10	14696273
11	16166643
12	17637558
13	19107696
N = 30 M = 5 DW = 8 CW = 8 PD = 0.0000005 L = 0.99 lambda = 49500.0
0	0
1	1486026
2	2972947
3	4456851
4	5942494
5	7428672
6	8912436
